{"level":"error"}
{"level":"error"}
{"level":"error"}
{"level":"error"}
{"level":"error"}
{"level":"error"}
{"level":"error"}
{"level":"error"}
{"level":"error"}
{"level":"error"}
{"level":"error"}
{"level":"error"}
{"level":"error","message":"TypeError [ERR_INVALID_CALLBACK]: Callback must be a function. Received 'utf-8' - Fail to save archive"}
{"level":"error","message":"TypeError [ERR_INVALID_CALLBACK]: Callback must be a function. Received undefined - Fail to save archive"}
{"level":"error"}
{"level":"error","message":"TypeError [ERR_INVALID_CALLBACK]: Callback must be a function. Received 'utf-8' - Fail to save archive"}
{"level":"error","message":"TypeError [ERR_INVALID_CALLBACK]: Callback must be a function. Received 'utf-8' - Fail to save archive"}
{"level":"error","message":"TypeError [ERR_INVALID_CALLBACK]: Callback must be a function. Received 'utf-8' - Fail to save archive"}
{"level":"error","message":"TypeError [ERR_INVALID_CALLBACK]: Callback must be a function. Received 'utf-8' - Fail to read archive"}
{"level":"error","message":"Error: ENOENT: no such file or directory, open 'C:\\Users\\rkens\\Downloads\\Curso\\Backend\\Proyecto\\src\\Productos.json' - Fail to read archive"}
{"level":"error"}
{"level":"error"}
{"level":"error"}
{"level":"error"}
{"level":"error"}
{"level":"error"}
{"level":"error"}
{"level":"error"}
{"level":"error"}
{"level":"error"}
{"level":"error"}
{"level":"error"}
{"level":"error"}
{"level":"error","message":" Fail to find product"}
{"level":"error"}
{"level":"error"}
{"level":"error","message":" Fail to find message"}
{"level":"error","message":" Fail to find message"}
