{"timestamp":"Wed Oct 05 2022 18:17:37 GMT-0300 (hora estándar de Argentina)","level":"error","message":{},"data":null}
{"timestamp":"Wed Oct 05 2022 18:18:02 GMT-0300 (hora estándar de Argentina)","level":"error","message":{},"data":null}
{"timestamp":"Wed Oct 05 2022 18:20:23 GMT-0300 (hora estándar de Argentina)","level":"error","message":{},"data":null}
{"timestamp":"Wed Oct 05 2022 18:23:07 GMT-0300 (hora estándar de Argentina)","level":"error","message":{},"data":null}
{"timestamp":"Wed Oct 05 2022 18:25:20 GMT-0300 (hora estándar de Argentina)","level":"error","message":{},"data":null}
{"timestamp":"Wed Oct 05 2022 18:28:00 GMT-0300 (hora estándar de Argentina)","level":"error","message":{},"data":null}
{"timestamp":"Wed Oct 05 2022 18:45:26 GMT-0300 (hora estándar de Argentina)","level":"error","message":"Error al desconectar a la Base de Datos","data":"TypeError: logger.log is not a function\n    at disconnectToDB (file:///C:/Users/rkens/Downloads/Curso/Backend/Proyecto/src/models/DAO/connectDB.js:17:12)\n    at CartDbDAO.getAll (file:///C:/Users/rkens/Downloads/Curso/Backend/Proyecto/src/models/DAO/Carrito/CartMongoDAO.js:22:13)\n    at processTicksAndRejections (node:internal/process/task_queues:96:5)\n    at async CarritoApi.obtenerCarritos (file:///C:/Users/rkens/Downloads/Curso/Backend/Proyecto/src/service/CarritoApi.js:8:38)\n    at async obtenerTodos (file:///C:/Users/rkens/Downloads/Curso/Backend/Proyecto/src/controladores/Carrito.js:10:28)"}
{"timestamp":"Wed Oct 05 2022 18:49:28 GMT-0300 (hora estándar de Argentina)","level":"error","message":"Error al desconectar a la Base de Datos","data":"TypeError: logger.log is not a function\n    at disconnectToDB (file:///C:/Users/rkens/Downloads/Curso/Backend/Proyecto/src/models/DAO/connectDB.js:17:12)\n    at CartDbDAO.save (file:///C:/Users/rkens/Downloads/Curso/Backend/Proyecto/src/models/DAO/Carrito/CartMongoDAO.js:33:7)\n    at processTicksAndRejections (node:internal/process/task_queues:96:5)\n    at async CarritoApi.guardarCarritos (file:///C:/Users/rkens/Downloads/Curso/Backend/Proyecto/src/service/CarritoApi.js:10:47)\n    at async guardar (file:///C:/Users/rkens/Downloads/Curso/Backend/Proyecto/src/controladores/Carrito.js:31:35)"}
{"timestamp":"Wed Oct 05 2022 18:50:30 GMT-0300 (hora estándar de Argentina)","level":"error","message":"MongoNotConnectedError: Client must be connected before running operations - Fail to read database","data":null}
{"timestamp":"Wed Oct 05 2022 18:50:48 GMT-0300 (hora estándar de Argentina)","level":"error","message":{},"data":null}
{"timestamp":"Wed Oct 05 2022 18:52:54 GMT-0300 (hora estándar de Argentina)","level":"error","message":{},"data":null}
{"timestamp":"Wed Oct 05 2022 18:53:38 GMT-0300 (hora estándar de Argentina)","level":"error","message":{},"data":null}
{"timestamp":"Wed Oct 05 2022 18:54:08 GMT-0300 (hora estándar de Argentina)","level":"error","message":{},"data":null}
{"timestamp":"Wed Oct 05 2022 18:55:22 GMT-0300 (hora estándar de Argentina)","level":"error","message":{},"data":null}
{"timestamp":"Wed Oct 05 2022 18:58:41 GMT-0300 (hora estándar de Argentina)","level":"error","message":"Error al desconectar a la Base de Datos","data":"TypeError: logger.log is not a function\n    at disconnectToDB (file:///C:/Users/rkens/Downloads/Curso/Backend/Proyecto/src/models/DAO/connectDB.js:17:12)\n    at CartDbDAO.save (file:///C:/Users/rkens/Downloads/Curso/Backend/Proyecto/src/models/DAO/Carrito/CartMongoDAO.js:33:7)\n    at processTicksAndRejections (node:internal/process/task_queues:96:5)\n    at async CarritoApi.guardarCarritos (file:///C:/Users/rkens/Downloads/Curso/Backend/Proyecto/src/service/CarritoApi.js:10:47)\n    at async guardar (file:///C:/Users/rkens/Downloads/Curso/Backend/Proyecto/src/controladores/Carrito.js:31:35)"}
{"timestamp":"Wed Oct 05 2022 18:59:47 GMT-0300 (hora estándar de Argentina)","level":"error","message":{},"data":null}
{"timestamp":"Wed Oct 05 2022 19:00:59 GMT-0300 (hora estándar de Argentina)","level":"error","message":"Error al desconectar a la Base de Datos","data":"TypeError: logger.log is not a function\n    at disconnectToDB (file:///C:/Users/rkens/Downloads/Curso/Backend/Proyecto/src/models/DAO/connectDB.js:17:12)\n    at CartDbDAO.getById (file:///C:/Users/rkens/Downloads/Curso/Backend/Proyecto/src/models/DAO/Carrito/CartMongoDAO.js:15:9)\n    at processTicksAndRejections (node:internal/process/task_queues:96:5)\n    at async CarritoApi.obtenerCarritoPorId (file:///C:/Users/rkens/Downloads/Curso/Backend/Proyecto/src/service/CarritoApi.js:9:44)\n    at async obtenerPorId (file:///C:/Users/rkens/Downloads/Curso/Backend/Proyecto/src/controladores/Carrito.js:20:27)"}
{"timestamp":"Wed Oct 05 2022 19:02:03 GMT-0300 (hora estándar de Argentina)","level":"error","message":{},"data":null}
{"timestamp":"Fri Oct 07 2022 11:06:13 GMT-0300 (hora estándar de Argentina)","level":"error","message":{},"data":null}
{"timestamp":"Fri Oct 07 2022 11:08:12 GMT-0300 (hora estándar de Argentina)","level":"error","message":{},"data":null}
{"timestamp":"Fri Oct 07 2022 11:15:25 GMT-0300 (hora estándar de Argentina)","level":"error","message":{},"data":null}
{"timestamp":"Fri Oct 07 2022 11:46:16 GMT-0300 (hora estándar de Argentina)","level":"error","message":{},"data":null}
{"timestamp":"Fri Oct 07 2022 11:46:16 GMT-0300 (hora estándar de Argentina)","level":"error","message":{},"data":null}
{"timestamp":"Fri Oct 07 2022 11:46:42 GMT-0300 (hora estándar de Argentina)","level":"error","message":{},"data":null}
{"timestamp":"Fri Oct 07 2022 11:46:42 GMT-0300 (hora estándar de Argentina)","level":"error","message":{},"data":null}
{"timestamp":"Fri Oct 07 2022 11:54:19 GMT-0300 (hora estándar de Argentina)","level":"error","message":{},"data":null}
{"timestamp":"Fri Oct 07 2022 11:54:20 GMT-0300 (hora estándar de Argentina)","level":"error","message":{},"data":null}
{"timestamp":"Fri Oct 07 2022 12:21:41 GMT-0300 (hora estándar de Argentina)","level":"error","message":{},"data":null}
{"timestamp":"Fri Oct 07 2022 12:21:41 GMT-0300 (hora estándar de Argentina)","level":"error","message":{},"data":null}
{"timestamp":"Fri Oct 07 2022 12:21:54 GMT-0300 (hora estándar de Argentina)","level":"error","message":{},"data":null}
{"timestamp":"Fri Oct 07 2022 12:21:54 GMT-0300 (hora estándar de Argentina)","level":"error","message":{},"data":null}
{"timestamp":"Fri Oct 07 2022 12:21:54 GMT-0300 (hora estándar de Argentina)","level":"error","message":{},"data":null}
{"timestamp":"Fri Oct 07 2022 12:21:54 GMT-0300 (hora estándar de Argentina)","level":"error","message":{},"data":null}
{"timestamp":"Fri Oct 07 2022 12:22:09 GMT-0300 (hora estándar de Argentina)","level":"error","message":{},"data":null}
{"timestamp":"Fri Oct 07 2022 12:22:09 GMT-0300 (hora estándar de Argentina)","level":"error","message":{},"data":null}
{"timestamp":"Fri Oct 07 2022 12:32:37 GMT-0300 (hora estándar de Argentina)","level":"error","message":{},"data":null}
{"timestamp":"Fri Oct 07 2022 12:32:37 GMT-0300 (hora estándar de Argentina)","level":"error","message":{},"data":null}
{"timestamp":"Sat Oct 08 2022 19:45:47 GMT-0300 (hora estándar de Argentina)","level":"error","message":"Product not found","data":null}
{"timestamp":"Sat Oct 08 2022 19:45:57 GMT-0300 (hora estándar de Argentina)","level":"error","message":"Product not found","data":null}
{"timestamp":"Sat Oct 08 2022 19:46:15 GMT-0300 (hora estándar de Argentina)","level":"error","message":"Product not found","data":null}
{"timestamp":"Sat Oct 08 2022 19:46:26 GMT-0300 (hora estándar de Argentina)","level":"error","message":"Product not found","data":null}
{"timestamp":"Sat Oct 08 2022 19:48:13 GMT-0300 (hora estándar de Argentina)","level":"error","message":"Product not found","data":null}
{"timestamp":"Sat Oct 08 2022 19:50:53 GMT-0300 (hora estándar de Argentina)","level":"error","message":"Product not found","data":null}
{"timestamp":"Sat Oct 08 2022 19:52:13 GMT-0300 (hora estándar de Argentina)","level":"error","message":"Product not found","data":null}
{"timestamp":"Sat Oct 08 2022 19:52:23 GMT-0300 (hora estándar de Argentina)","level":"error","message":"Product not found","data":null}
{"timestamp":"Sat Oct 08 2022 19:52:36 GMT-0300 (hora estándar de Argentina)","level":"error","message":"Product not found","data":null}
{"timestamp":"Sat Oct 08 2022 19:52:45 GMT-0300 (hora estándar de Argentina)","level":"error","message":"Product not found","data":null}
{"timestamp":"Sat Oct 08 2022 19:53:04 GMT-0300 (hora estándar de Argentina)","level":"error","message":"Product not found","data":null}
{"timestamp":"Sat Oct 08 2022 19:55:18 GMT-0300 (hora estándar de Argentina)","level":"error","message":"Product not found","data":null}
{"timestamp":"Sat Oct 08 2022 19:56:20 GMT-0300 (hora estándar de Argentina)","level":"error","message":"Product not found","data":null}
{"timestamp":"Sat Oct 08 2022 19:57:13 GMT-0300 (hora estándar de Argentina)","level":"error","message":"Product not found","data":null}
{"timestamp":"Sat Oct 08 2022 19:58:31 GMT-0300 (hora estándar de Argentina)","level":"error","message":"Product not found","data":null}
{"timestamp":"Sat Oct 08 2022 19:58:31 GMT-0300 (hora estándar de Argentina)","level":"error","message":"Product not found","data":null}
{"timestamp":"Sat Oct 08 2022 19:58:32 GMT-0300 (hora estándar de Argentina)","level":"error","message":"Product not found","data":null}
{"timestamp":"Sat Oct 08 2022 19:58:33 GMT-0300 (hora estándar de Argentina)","level":"error","message":"Product not found","data":null}
{"timestamp":"Sat Oct 08 2022 19:58:45 GMT-0300 (hora estándar de Argentina)","level":"error","message":"Product not found","data":null}
{"timestamp":"Sat Oct 08 2022 19:58:45 GMT-0300 (hora estándar de Argentina)","level":"error","message":"Product not found","data":null}
{"timestamp":"Sat Oct 08 2022 19:58:46 GMT-0300 (hora estándar de Argentina)","level":"error","message":"Product not found","data":null}
{"timestamp":"Sat Oct 08 2022 19:58:46 GMT-0300 (hora estándar de Argentina)","level":"error","message":"Product not found","data":null}
{"timestamp":"Sat Oct 08 2022 19:58:46 GMT-0300 (hora estándar de Argentina)","level":"error","message":"Product not found","data":null}
{"timestamp":"Sat Oct 08 2022 19:58:46 GMT-0300 (hora estándar de Argentina)","level":"error","message":"Product not found","data":null}
{"timestamp":"Sat Oct 08 2022 19:58:47 GMT-0300 (hora estándar de Argentina)","level":"error","message":"Product not found","data":null}
{"timestamp":"Sat Oct 08 2022 19:58:47 GMT-0300 (hora estándar de Argentina)","level":"error","message":"Product not found","data":null}
{"timestamp":"Sat Oct 08 2022 19:58:47 GMT-0300 (hora estándar de Argentina)","level":"error","message":"Product not found","data":null}
{"timestamp":"Sat Oct 08 2022 19:58:47 GMT-0300 (hora estándar de Argentina)","level":"error","message":"Product not found","data":null}
{"timestamp":"Sat Oct 08 2022 19:58:47 GMT-0300 (hora estándar de Argentina)","level":"error","message":"Product not found","data":null}
{"timestamp":"Sat Oct 08 2022 19:59:05 GMT-0300 (hora estándar de Argentina)","level":"error","message":"Product not found","data":null}
{"timestamp":"Sat Oct 08 2022 19:59:06 GMT-0300 (hora estándar de Argentina)","level":"error","message":"Product not found","data":null}
{"timestamp":"Sat Oct 08 2022 19:59:06 GMT-0300 (hora estándar de Argentina)","level":"error","message":"Product not found","data":null}
{"timestamp":"Sat Oct 08 2022 19:59:06 GMT-0300 (hora estándar de Argentina)","level":"error","message":"Product not found","data":null}
{"timestamp":"Sat Oct 08 2022 19:59:06 GMT-0300 (hora estándar de Argentina)","level":"error","message":"Product not found","data":null}
{"timestamp":"Sat Oct 08 2022 19:59:07 GMT-0300 (hora estándar de Argentina)","level":"error","message":"Product not found","data":null}
{"timestamp":"Sat Oct 08 2022 19:59:07 GMT-0300 (hora estándar de Argentina)","level":"error","message":"Product not found","data":null}
{"timestamp":"Sat Oct 08 2022 19:59:08 GMT-0300 (hora estándar de Argentina)","level":"error","message":"Product not found","data":null}
{"timestamp":"Sat Oct 08 2022 19:59:08 GMT-0300 (hora estándar de Argentina)","level":"error","message":"Product not found","data":null}
{"timestamp":"Sat Oct 08 2022 19:59:08 GMT-0300 (hora estándar de Argentina)","level":"error","message":"Product not found","data":null}
{"timestamp":"Sat Oct 08 2022 19:59:08 GMT-0300 (hora estándar de Argentina)","level":"error","message":"Product not found","data":null}
{"timestamp":"Sat Oct 08 2022 19:59:14 GMT-0300 (hora estándar de Argentina)","level":"error","message":"Product not found","data":null}
{"timestamp":"Sat Oct 08 2022 19:59:19 GMT-0300 (hora estándar de Argentina)","level":"error","message":"Product not found","data":null}
{"timestamp":"Sat Oct 08 2022 19:59:21 GMT-0300 (hora estándar de Argentina)","level":"error","message":"Product not found","data":null}
{"timestamp":"Sat Oct 08 2022 19:59:21 GMT-0300 (hora estándar de Argentina)","level":"error","message":"Product not found","data":null}
{"timestamp":"Sat Oct 08 2022 19:59:26 GMT-0300 (hora estándar de Argentina)","level":"error","message":"Product not found","data":null}
{"timestamp":"Sat Oct 08 2022 19:59:36 GMT-0300 (hora estándar de Argentina)","level":"error","message":"Product not found","data":null}
{"timestamp":"Sat Oct 08 2022 19:59:37 GMT-0300 (hora estándar de Argentina)","level":"error","message":"Product not found","data":null}
{"timestamp":"Sat Oct 08 2022 19:59:37 GMT-0300 (hora estándar de Argentina)","level":"error","message":"Product not found","data":null}
{"timestamp":"Sat Oct 08 2022 19:59:38 GMT-0300 (hora estándar de Argentina)","level":"error","message":"Product not found","data":null}
{"timestamp":"Sat Oct 08 2022 19:59:38 GMT-0300 (hora estándar de Argentina)","level":"error","message":"Product not found","data":null}
{"timestamp":"Sat Oct 08 2022 19:59:38 GMT-0300 (hora estándar de Argentina)","level":"error","message":"Product not found","data":null}
{"timestamp":"Sat Oct 08 2022 19:59:39 GMT-0300 (hora estándar de Argentina)","level":"error","message":"Product not found","data":null}
{"timestamp":"Sat Oct 08 2022 19:59:39 GMT-0300 (hora estándar de Argentina)","level":"error","message":"Product not found","data":null}
{"timestamp":"Sat Oct 08 2022 21:54:05 GMT-0300 (hora estándar de Argentina)","level":"error","message":"User not found","data":null}
{"timestamp":"Sat Oct 08 2022 21:54:05 GMT-0300 (hora estándar de Argentina)","level":"error","message":{},"data":null}
{"timestamp":"Sat Oct 08 2022 21:59:34 GMT-0300 (hora estándar de Argentina)","level":"error","message":"User not found","data":null}
{"timestamp":"Sat Oct 08 2022 21:59:34 GMT-0300 (hora estándar de Argentina)","level":"error","message":{},"data":null}
{"timestamp":"Sat Oct 08 2022 22:01:21 GMT-0300 (hora estándar de Argentina)","level":"error","message":"User not found","data":null}
{"timestamp":"Sat Oct 08 2022 22:01:21 GMT-0300 (hora estándar de Argentina)","level":"error","message":{},"data":null}
{"timestamp":"Sun Oct 09 2022 08:48:29 GMT-0300 (hora estándar de Argentina)","level":"error","message":"Product not found","data":null}
{"timestamp":"Sun Oct 09 2022 08:54:26 GMT-0300 (hora estándar de Argentina)","level":"error","message":"Product not found","data":null}
{"timestamp":"Sun Oct 09 2022 08:54:44 GMT-0300 (hora estándar de Argentina)","level":"error","message":"Product not found","data":null}
{"timestamp":"Sun Oct 09 2022 08:55:56 GMT-0300 (hora estándar de Argentina)","level":"error","message":"Product not found","data":null}
{"timestamp":"Sun Oct 09 2022 08:56:03 GMT-0300 (hora estándar de Argentina)","level":"error","message":"Product not found","data":null}
