{"timestamp":1664663927355,"level":"info","message":"Conectado a la Base de datos","data":null}
{"timestamp":1664663927524,"level":"info","message":"Conectado a la Base de datos","data":null}
{"timestamp":1664663935371,"level":"info","message":"App listening at http://localhost:9090 - PID 8036 - MODO production - PERSISTENCIA: DBMONGO","data":null}
{"timestamp":"Sat Oct 01 2022 19:41:18 GMT-0300 (hora estándar de Argentina)","level":"info","message":"Conectado a la Base de datos","data":null}
{"timestamp":"Sat Oct 01 2022 19:41:18 GMT-0300 (hora estándar de Argentina)","level":"info","message":"Conectado a la Base de datos","data":null}
{"timestamp":"Sat Oct 01 2022 19:41:26 GMT-0300 (hora estándar de Argentina)","level":"info","message":"App listening at http://localhost:9090 - PID 9720 - MODO production - PERSISTENCIA: DBMONGO","data":null}
{"timestamp":1664664107119,"level":"info","message":"Conectado a la Base de datos","data":null}
{"timestamp":1664664107144,"level":"info","message":"Conectado a la Base de datos","data":null}
{"timestamp":1664664114779,"level":"info","message":"App listening at http://localhost:9090 - PID 5596 - MODO production - PERSISTENCIA: DBMONGO","data":null}
{"timestamp":"Sat Oct 01 2022 19:42:36 GMT-0300 (hora estándar de Argentina)","level":"info","message":"Conectado a la Base de datos","data":null}
{"timestamp":"Sat Oct 01 2022 19:42:36 GMT-0300 (hora estándar de Argentina)","level":"info","message":"Conectado a la Base de datos","data":null}
{"timestamp":"Sat Oct 01 2022 19:42:45 GMT-0300 (hora estándar de Argentina)","level":"info","message":"App listening at http://localhost:9090 - PID 8548 - MODO production - PERSISTENCIA: DBMONGO","data":null}
{"timestamp":"Sat Oct 01 2022 19:55:12 GMT-0300 (hora estándar de Argentina)","level":"info","message":"Conectado a la Base de datos","data":null}
{"timestamp":"Sat Oct 01 2022 19:55:12 GMT-0300 (hora estándar de Argentina)","level":"info","message":"Conectado a la Base de datos","data":null}
{"timestamp":"Sat Oct 01 2022 19:55:20 GMT-0300 (hora estándar de Argentina)","level":"info","message":"App listening at http://localhost:9090 - PID 984 - MODO production - PERSISTENCIA: DBMONGO","data":null}
{"timestamp":"Sat Oct 01 2022 20:01:06 GMT-0300 (hora estándar de Argentina)","level":"info","message":"Conectado a la Base de datos","data":null}
{"timestamp":"Sat Oct 01 2022 20:01:06 GMT-0300 (hora estándar de Argentina)","level":"info","message":"Conectado a la Base de datos","data":null}
{"timestamp":"Sat Oct 01 2022 20:01:13 GMT-0300 (hora estándar de Argentina)","level":"info","message":"App listening at http://localhost:9090 - PID 8924 - MODO production - PERSISTENCIA: DBMONGO","data":null}
{"timestamp":"Sat Oct 01 2022 20:02:58 GMT-0300 (hora estándar de Argentina)","level":"info","message":"Conectado a la Base de datos","data":null}
{"timestamp":"Sat Oct 01 2022 20:02:58 GMT-0300 (hora estándar de Argentina)","level":"info","message":"Conectado a la Base de datos","data":null}
{"timestamp":"Sat Oct 01 2022 20:03:06 GMT-0300 (hora estándar de Argentina)","level":"info","message":"App listening at http://localhost:9090 - PID 5968 - MODO production - PERSISTENCIA: DBMONGO","data":null}
{"timestamp":"Sat Oct 01 2022 20:05:18 GMT-0300 (hora estándar de Argentina)","level":"info","message":"Conectado a la Base de datos","data":null}
{"timestamp":"Sat Oct 01 2022 20:05:18 GMT-0300 (hora estándar de Argentina)","level":"info","message":"Conectado a la Base de datos","data":null}
{"timestamp":"Sat Oct 01 2022 20:05:25 GMT-0300 (hora estándar de Argentina)","level":"info","message":"App listening at http://localhost:9090 - PID 9224 - MODO production - PERSISTENCIA: DBMONGO","data":null}
{"timestamp":"Sat Oct 01 2022 20:06:38 GMT-0300 (hora estándar de Argentina)","level":"info","message":"Conectado a la Base de datos","data":null}
{"timestamp":"Sat Oct 01 2022 20:06:38 GMT-0300 (hora estándar de Argentina)","level":"info","message":"Conectado a la Base de datos","data":null}
{"timestamp":"Sat Oct 01 2022 20:06:46 GMT-0300 (hora estándar de Argentina)","level":"info","message":"App listening at http://localhost:8080 - PID 6228 - MODO development - PERSISTENCIA: MEM","data":null}
{"timestamp":"Sat Oct 01 2022 20:07:01 GMT-0300 (hora estándar de Argentina)","level":"info","message":"Conectado a la Base de datos","data":null}
{"timestamp":"Sat Oct 01 2022 20:07:01 GMT-0300 (hora estándar de Argentina)","level":"info","message":"Conectado a la Base de datos","data":null}
{"timestamp":"Sat Oct 01 2022 20:07:08 GMT-0300 (hora estándar de Argentina)","level":"info","message":"App listening at http://localhost:8080 - PID 8476 - MODO development - PERSISTENCIA: MEM","data":null}
{"timestamp":"Sat Oct 01 2022 20:08:25 GMT-0300 (hora estándar de Argentina)","level":"info","message":"Conectado a la Base de datos","data":null}
{"timestamp":"Sat Oct 01 2022 20:08:25 GMT-0300 (hora estándar de Argentina)","level":"info","message":"Conectado a la Base de datos","data":null}
{"timestamp":"Sat Oct 01 2022 20:08:33 GMT-0300 (hora estándar de Argentina)","level":"info","message":"App listening at http://localhost:8080 - PID 8212 - MODO development - PERSISTENCIA: FILE","data":null}
{"timestamp":"Sun Oct 02 2022 19:38:42 GMT-0300 (hora estándar de Argentina)","level":"info","message":"Conectado a la Base de datos","data":null}
{"timestamp":"Sun Oct 02 2022 19:38:42 GMT-0300 (hora estándar de Argentina)","level":"info","message":"Conectado a la Base de datos","data":null}
{"timestamp":"Sun Oct 02 2022 19:38:58 GMT-0300 (hora estándar de Argentina)","level":"info","message":"App listening at http://localhost:8080 - PID 8244 - MODO development - PERSISTENCIA: FILE","data":null}
{"timestamp":"Sun Oct 02 2022 19:39:49 GMT-0300 (hora estándar de Argentina)","level":"info","message":"Conectado a la Base de datos","data":null}
{"timestamp":"Sun Oct 02 2022 19:39:49 GMT-0300 (hora estándar de Argentina)","level":"info","message":"Conectado a la Base de datos","data":null}
{"timestamp":"Sun Oct 02 2022 19:39:59 GMT-0300 (hora estándar de Argentina)","level":"info","message":"App listening at http://localhost:8080 - PID 3756 - MODO development - PERSISTENCIA: FILE","data":null}
{"timestamp":"Sun Oct 02 2022 20:42:28 GMT-0300 (hora estándar de Argentina)","level":"info","message":"Conectado a la Base de datos","data":null}
{"timestamp":"Sun Oct 02 2022 20:42:28 GMT-0300 (hora estándar de Argentina)","level":"info","message":"Conectado a la Base de datos","data":null}
{"timestamp":"Sun Oct 02 2022 20:42:40 GMT-0300 (hora estándar de Argentina)","level":"info","message":"App listening at http://localhost:8080 - PID 3160 - MODO development - PERSISTENCIA: FILE","data":null}
{"timestamp":"Sun Oct 02 2022 20:42:49 GMT-0300 (hora estándar de Argentina)","level":"warn","message":"Ruta GET / no implementada","data":null}
{"timestamp":"Sun Oct 02 2022 20:42:50 GMT-0300 (hora estándar de Argentina)","level":"warn","message":"Ruta GET /favicon.ico no implementada","data":null}
{"timestamp":"Sun Oct 02 2022 20:42:56 GMT-0300 (hora estándar de Argentina)","level":"warn","message":"Ruta GET /productos no implementada","data":null}
{"timestamp":"Sun Oct 02 2022 20:42:56 GMT-0300 (hora estándar de Argentina)","level":"warn","message":"Ruta GET /favicon.ico no implementada","data":null}
{"timestamp":"Sun Oct 02 2022 20:43:10 GMT-0300 (hora estándar de Argentina)","level":"warn","message":"Ruta GET /favicon.ico no implementada","data":null}
{"timestamp":"Sun Oct 02 2022 20:43:27 GMT-0300 (hora estándar de Argentina)","level":"info","message":"Conectado a la Base de datos","data":null}
{"timestamp":"Sun Oct 02 2022 20:43:27 GMT-0300 (hora estándar de Argentina)","level":"info","message":"Conectado a la Base de datos","data":null}
{"timestamp":"Sun Oct 02 2022 20:43:36 GMT-0300 (hora estándar de Argentina)","level":"info","message":"App listening at http://localhost:8080 - PID 6116 - MODO development - PERSISTENCIA: FILE","data":null}
{"timestamp":"Sun Oct 02 2022 20:44:58 GMT-0300 (hora estándar de Argentina)","level":"info","message":"Conectado a la Base de datos","data":null}
{"timestamp":"Sun Oct 02 2022 20:44:58 GMT-0300 (hora estándar de Argentina)","level":"info","message":"Conectado a la Base de datos","data":null}
{"timestamp":"Sun Oct 02 2022 20:45:05 GMT-0300 (hora estándar de Argentina)","level":"info","message":"App listening at http://localhost:8080 - PID 8792 - MODO development - PERSISTENCIA: FILE","data":null}
{"timestamp":"Sun Oct 02 2022 20:46:56 GMT-0300 (hora estándar de Argentina)","level":"info","message":"Conectado a la Base de datos","data":null}
{"timestamp":"Sun Oct 02 2022 20:46:56 GMT-0300 (hora estándar de Argentina)","level":"info","message":"Conectado a la Base de datos","data":null}
{"timestamp":"Sun Oct 02 2022 20:47:02 GMT-0300 (hora estándar de Argentina)","level":"info","message":"App listening at http://localhost:8080 - PID 1700 - MODO development - PERSISTENCIA: FILE","data":null}
{"timestamp":"Sun Oct 02 2022 20:47:20 GMT-0300 (hora estándar de Argentina)","level":"warn","message":"Ruta GET /css/style.css no implementada","data":null}
{"timestamp":"Sun Oct 02 2022 20:47:20 GMT-0300 (hora estándar de Argentina)","level":"warn","message":"Ruta GET /favicon.ico no implementada","data":null}
{"timestamp":"Sun Oct 02 2022 20:48:56 GMT-0300 (hora estándar de Argentina)","level":"info","message":"Conectado a la Base de datos","data":null}
{"timestamp":"Sun Oct 02 2022 20:48:56 GMT-0300 (hora estándar de Argentina)","level":"info","message":"Conectado a la Base de datos","data":null}
{"timestamp":"Sun Oct 02 2022 20:49:03 GMT-0300 (hora estándar de Argentina)","level":"info","message":"App listening at http://localhost:8080 - PID 1524 - MODO development - PERSISTENCIA: FILE","data":null}
{"timestamp":"Sun Oct 02 2022 20:49:48 GMT-0300 (hora estándar de Argentina)","level":"info","message":"Conectado a la Base de datos","data":null}
{"timestamp":"Sun Oct 02 2022 20:49:48 GMT-0300 (hora estándar de Argentina)","level":"info","message":"Conectado a la Base de datos","data":null}
{"timestamp":"Sun Oct 02 2022 20:49:53 GMT-0300 (hora estándar de Argentina)","level":"info","message":"App listening at http://localhost:8080 - PID 1300 - MODO development - PERSISTENCIA: FILE","data":null}
{"timestamp":"Sun Oct 02 2022 20:49:57 GMT-0300 (hora estándar de Argentina)","level":"warn","message":"Ruta GET /css/style.css no implementada","data":null}
{"timestamp":"Sun Oct 02 2022 20:49:57 GMT-0300 (hora estándar de Argentina)","level":"warn","message":"Ruta GET /favicon.ico no implementada","data":null}
{"timestamp":"Sun Oct 02 2022 20:50:04 GMT-0300 (hora estándar de Argentina)","level":"warn","message":"Ruta GET / no implementada","data":null}
{"timestamp":"Sun Oct 02 2022 20:50:05 GMT-0300 (hora estándar de Argentina)","level":"warn","message":"Ruta GET /favicon.ico no implementada","data":null}
{"timestamp":"Sun Oct 02 2022 20:50:07 GMT-0300 (hora estándar de Argentina)","level":"warn","message":"Ruta GET /favicon.ico no implementada","data":null}
{"timestamp":"Sun Oct 02 2022 20:50:31 GMT-0300 (hora estándar de Argentina)","level":"info","message":"Conectado a la Base de datos","data":null}
{"timestamp":"Sun Oct 02 2022 20:50:31 GMT-0300 (hora estándar de Argentina)","level":"info","message":"Conectado a la Base de datos","data":null}
{"timestamp":"Sun Oct 02 2022 20:50:37 GMT-0300 (hora estándar de Argentina)","level":"info","message":"App listening at http://localhost:8080 - PID 3640 - MODO development - PERSISTENCIA: FILE","data":null}
{"timestamp":"Sun Oct 02 2022 20:50:41 GMT-0300 (hora estándar de Argentina)","level":"warn","message":"Ruta GET /css/style.css no implementada","data":null}
{"timestamp":"Sun Oct 02 2022 20:50:41 GMT-0300 (hora estándar de Argentina)","level":"warn","message":"Ruta GET /api/alt=%22not no implementada","data":null}
{"timestamp":"Sun Oct 02 2022 20:50:41 GMT-0300 (hora estándar de Argentina)","level":"warn","message":"Ruta GET /favicon.ico no implementada","data":null}
{"timestamp":"Sun Oct 02 2022 20:53:42 GMT-0300 (hora estándar de Argentina)","level":"info","message":"Conectado a la Base de datos","data":null}
{"timestamp":"Sun Oct 02 2022 20:53:42 GMT-0300 (hora estándar de Argentina)","level":"info","message":"Conectado a la Base de datos","data":null}
{"timestamp":"Sun Oct 02 2022 20:53:50 GMT-0300 (hora estándar de Argentina)","level":"info","message":"App listening at http://localhost:8080 - PID 8236 - MODO development - PERSISTENCIA: FILE","data":null}
{"timestamp":"Sun Oct 02 2022 20:54:35 GMT-0300 (hora estándar de Argentina)","level":"info","message":"Conectado a la Base de datos","data":null}
{"timestamp":"Sun Oct 02 2022 20:54:35 GMT-0300 (hora estándar de Argentina)","level":"info","message":"Conectado a la Base de datos","data":null}
{"timestamp":"Sun Oct 02 2022 20:54:41 GMT-0300 (hora estándar de Argentina)","level":"info","message":"App listening at http://localhost:8080 - PID 2712 - MODO development - PERSISTENCIA: FILE","data":null}
{"timestamp":"Sun Oct 02 2022 20:54:48 GMT-0300 (hora estándar de Argentina)","level":"warn","message":"Ruta GET /css/style.css no implementada","data":null}
{"timestamp":"Sun Oct 02 2022 20:54:49 GMT-0300 (hora estándar de Argentina)","level":"warn","message":"Ruta GET /favicon.ico no implementada","data":null}
