
{"timestamp":"Wed Oct 05 2022 11:49:00 GMT-0300 (hora estándar de Argentina)","level":"warn","message":"Ruta GET /socket.io/?EIO=4&transport=polling&t=OEedn0E no implementada","data":null}
{"timestamp":"Wed Oct 05 2022 11:49:06 GMT-0300 (hora estándar de Argentina)","level":"warn","message":"Ruta GET /socket.io/?EIO=4&transport=polling&t=OEedoUD no implementada","data":null}
{"timestamp":"Wed Oct 05 2022 11:49:12 GMT-0300 (hora estándar de Argentina)","level":"warn","message":"Ruta GET /socket.io/?EIO=4&transport=polling&t=OEedpxr no implementada","data":null}
{"timestamp":"Wed Oct 05 2022 11:49:18 GMT-0300 (hora estándar de Argentina)","level":"warn","message":"Ruta GET /socket.io/?EIO=4&transport=polling&t=OEedrPf no implementada","data":null}
{"timestamp":"Wed Oct 05 2022 11:49:24 GMT-0300 (hora estándar de Argentina)","level":"warn","message":"Ruta GET /socket.io/?EIO=4&transport=polling&t=OEedstJ no implementada","data":null}
{"timestamp":"Wed Oct 05 2022 11:49:30 GMT-0300 (hora estándar de Argentina)","level":"warn","message":"Ruta GET /socket.io/?EIO=4&transport=polling&t=OEeduL8 no implementada","data":null}
{"timestamp":"Wed Oct 05 2022 11:49:36 GMT-0300 (hora estándar de Argentina)","level":"warn","message":"Ruta GET /socket.io/?EIO=4&transport=polling&t=OEedvoy no implementada","data":null}
{"timestamp":"Wed Oct 05 2022 11:49:42 GMT-0300 (hora estándar de Argentina)","level":"warn","message":"Ruta GET /socket.io/?EIO=4&transport=polling&t=OEedxGg no implementada","data":null}
{"timestamp":"Wed Oct 05 2022 11:49:48 GMT-0300 (hora estándar de Argentina)","level":"warn","message":"Ruta GET /socket.io/?EIO=4&transport=polling&t=OEedykR no implementada","data":null}
{"timestamp":"Wed Oct 05 2022 11:49:54 GMT-0300 (hora estándar de Argentina)","level":"warn","message":"Ruta GET /socket.io/?EIO=4&transport=polling&t=OEed-Bz no implementada","data":null}
{"timestamp":"Wed Oct 05 2022 11:55:16 GMT-0300 (hora estándar de Argentina)","level":"warn","message":"Ruta GET /socket.io/?EIO=4&transport=polling&t=OEefCaB no implementada","data":null}
{"timestamp":"Wed Oct 05 2022 11:55:22 GMT-0300 (hora estándar de Argentina)","level":"warn","message":"Ruta GET /socket.io/?EIO=4&transport=polling&t=OEefEH4 no implementada","data":null}
{"timestamp":"Wed Oct 05 2022 11:55:27 GMT-0300 (hora estándar de Argentina)","level":"warn","message":"Ruta GET /socket.io/?EIO=4&transport=polling&t=OEefFVj no implementada","data":null}
{"timestamp":"Wed Oct 05 2022 11:55:32 GMT-0300 (hora estándar de Argentina)","level":"warn","message":"Ruta GET /css/style.css no implementada","data":null}
{"timestamp":"Wed Oct 05 2022 11:55:57 GMT-0300 (hora estándar de Argentina)","level":"warn","message":"Ruta GET /css/style.css no implementada","data":null}
{"timestamp":"Wed Oct 05 2022 11:56:30 GMT-0300 (hora estándar de Argentina)","level":"warn","message":"Ruta POST /login no implementada","data":null}
{"timestamp":"Wed Oct 05 2022 11:56:50 GMT-0300 (hora estándar de Argentina)","level":"warn","message":"Ruta GET /register no implementada","data":null}
{"timestamp":"Wed Oct 05 2022 16:03:18 GMT-0300 (hora estándar de Argentina)","level":"warn","message":"Ruta GET / no implementada","data":null}
{"timestamp":"Wed Oct 05 2022 16:03:24 GMT-0300 (hora estándar de Argentina)","level":"warn","message":"Ruta GET /css/style.css no implementada","data":null}
{"timestamp":"Wed Oct 05 2022 16:03:27 GMT-0300 (hora estándar de Argentina)","level":"warn","message":"Ruta GET /register no implementada","data":null}
{"timestamp":"Wed Oct 05 2022 16:03:32 GMT-0300 (hora estándar de Argentina)","level":"warn","message":"Ruta GET /register no implementada","data":null}
{"timestamp":"Wed Oct 05 2022 16:04:20 GMT-0300 (hora estándar de Argentina)","level":"warn","message":"Ruta POST /login no implementada","data":null}
{"timestamp":"Wed Oct 05 2022 18:17:37 GMT-0300 (hora estándar de Argentina)","level":"error","message":{},"data":null}
{"timestamp":"Wed Oct 05 2022 18:18:02 GMT-0300 (hora estándar de Argentina)","level":"error","message":{},"data":null}
{"timestamp":"Wed Oct 05 2022 18:20:23 GMT-0300 (hora estándar de Argentina)","level":"error","message":{},"data":null}
{"timestamp":"Wed Oct 05 2022 18:23:07 GMT-0300 (hora estándar de Argentina)","level":"error","message":{},"data":null}
{"timestamp":"Wed Oct 05 2022 18:25:20 GMT-0300 (hora estándar de Argentina)","level":"error","message":{},"data":null}
{"timestamp":"Wed Oct 05 2022 18:28:00 GMT-0300 (hora estándar de Argentina)","level":"error","message":{},"data":null}
{"timestamp":"Wed Oct 05 2022 18:45:26 GMT-0300 (hora estándar de Argentina)","level":"error","message":"Error al desconectar a la Base de Datos","data":"TypeError: logger.log is not a function\n    at disconnectToDB (file:///C:/Users/rkens/Downloads/Curso/Backend/Proyecto/src/models/DAO/connectDB.js:17:12)\n    at CartDbDAO.getAll (file:///C:/Users/rkens/Downloads/Curso/Backend/Proyecto/src/models/DAO/Carrito/CartMongoDAO.js:22:13)\n    at processTicksAndRejections (node:internal/process/task_queues:96:5)\n    at async CarritoApi.obtenerCarritos (file:///C:/Users/rkens/Downloads/Curso/Backend/Proyecto/src/service/CarritoApi.js:8:38)\n    at async obtenerTodos (file:///C:/Users/rkens/Downloads/Curso/Backend/Proyecto/src/controladores/Carrito.js:10:28)"}
{"timestamp":"Wed Oct 05 2022 18:49:28 GMT-0300 (hora estándar de Argentina)","level":"error","message":"Error al desconectar a la Base de Datos","data":"TypeError: logger.log is not a function\n    at disconnectToDB (file:///C:/Users/rkens/Downloads/Curso/Backend/Proyecto/src/models/DAO/connectDB.js:17:12)\n    at CartDbDAO.save (file:///C:/Users/rkens/Downloads/Curso/Backend/Proyecto/src/models/DAO/Carrito/CartMongoDAO.js:33:7)\n    at processTicksAndRejections (node:internal/process/task_queues:96:5)\n    at async CarritoApi.guardarCarritos (file:///C:/Users/rkens/Downloads/Curso/Backend/Proyecto/src/service/CarritoApi.js:10:47)\n    at async guardar (file:///C:/Users/rkens/Downloads/Curso/Backend/Proyecto/src/controladores/Carrito.js:31:35)"}
{"timestamp":"Wed Oct 05 2022 18:50:30 GMT-0300 (hora estándar de Argentina)","level":"error","message":"MongoNotConnectedError: Client must be connected before running operations - Fail to read database","data":null}
{"timestamp":"Wed Oct 05 2022 18:50:48 GMT-0300 (hora estándar de Argentina)","level":"error","message":{},"data":null}
{"timestamp":"Wed Oct 05 2022 18:52:54 GMT-0300 (hora estándar de Argentina)","level":"error","message":{},"data":null}
{"timestamp":"Wed Oct 05 2022 18:53:38 GMT-0300 (hora estándar de Argentina)","level":"error","message":{},"data":null}
{"timestamp":"Wed Oct 05 2022 18:54:08 GMT-0300 (hora estándar de Argentina)","level":"error","message":{},"data":null}
{"timestamp":"Wed Oct 05 2022 18:55:22 GMT-0300 (hora estándar de Argentina)","level":"error","message":{},"data":null}
{"timestamp":"Wed Oct 05 2022 18:58:41 GMT-0300 (hora estándar de Argentina)","level":"error","message":"Error al desconectar a la Base de Datos","data":"TypeError: logger.log is not a function\n    at disconnectToDB (file:///C:/Users/rkens/Downloads/Curso/Backend/Proyecto/src/models/DAO/connectDB.js:17:12)\n    at CartDbDAO.save (file:///C:/Users/rkens/Downloads/Curso/Backend/Proyecto/src/models/DAO/Carrito/CartMongoDAO.js:33:7)\n    at processTicksAndRejections (node:internal/process/task_queues:96:5)\n    at async CarritoApi.guardarCarritos (file:///C:/Users/rkens/Downloads/Curso/Backend/Proyecto/src/service/CarritoApi.js:10:47)\n    at async guardar (file:///C:/Users/rkens/Downloads/Curso/Backend/Proyecto/src/controladores/Carrito.js:31:35)"}
{"timestamp":"Wed Oct 05 2022 18:59:47 GMT-0300 (hora estándar de Argentina)","level":"error","message":{},"data":null}
{"timestamp":"Wed Oct 05 2022 19:00:59 GMT-0300 (hora estándar de Argentina)","level":"error","message":"Error al desconectar a la Base de Datos","data":"TypeError: logger.log is not a function\n    at disconnectToDB (file:///C:/Users/rkens/Downloads/Curso/Backend/Proyecto/src/models/DAO/connectDB.js:17:12)\n    at CartDbDAO.getById (file:///C:/Users/rkens/Downloads/Curso/Backend/Proyecto/src/models/DAO/Carrito/CartMongoDAO.js:15:9)\n    at processTicksAndRejections (node:internal/process/task_queues:96:5)\n    at async CarritoApi.obtenerCarritoPorId (file:///C:/Users/rkens/Downloads/Curso/Backend/Proyecto/src/service/CarritoApi.js:9:44)\n    at async obtenerPorId (file:///C:/Users/rkens/Downloads/Curso/Backend/Proyecto/src/controladores/Carrito.js:20:27)"}
{"timestamp":"Wed Oct 05 2022 19:02:03 GMT-0300 (hora estándar de Argentina)","level":"error","message":{},"data":null}
{"timestamp":"Thu Oct 06 2022 16:54:17 GMT-0300 (hora estándar de Argentina)","level":"warn","message":"Ruta GET /api/js/main.js no implementada","data":null}
{"timestamp":"Thu Oct 06 2022 16:54:17 GMT-0300 (hora estándar de Argentina)","level":"warn","message":"Ruta GET /css/style.css no implementada","data":null}
{"timestamp":"Thu Oct 06 2022 16:54:41 GMT-0300 (hora estándar de Argentina)","level":"warn","message":"Ruta GET /css/style.css no implementada","data":null}
{"timestamp":"Thu Oct 06 2022 19:43:49 GMT-0300 (hora estándar de Argentina)","level":"warn","message":"Ruta GET /css/style.css no implementada","data":null}
{"timestamp":"Thu Oct 06 2022 19:43:49 GMT-0300 (hora estándar de Argentina)","level":"warn","message":"Ruta GET /api/js/main.js no implementada","data":null}
{"timestamp":"Thu Oct 06 2022 19:43:49 GMT-0300 (hora estándar de Argentina)","level":"warn","message":"Ruta GET /favicon.ico no implementada","data":null}
{"timestamp":"Thu Oct 06 2022 19:44:02 GMT-0300 (hora estándar de Argentina)","level":"warn","message":"Ruta GET /css/style.css no implementada","data":null}
{"timestamp":"Thu Oct 06 2022 19:53:48 GMT-0300 (hora estándar de Argentina)","level":"warn","message":"Ruta GET /api/css/estilos.css no implementada","data":null}
{"timestamp":"Thu Oct 06 2022 19:53:48 GMT-0300 (hora estándar de Argentina)","level":"warn","message":"Ruta GET /public/js/main.js no implementada","data":null}
{"timestamp":"Thu Oct 06 2022 19:53:49 GMT-0300 (hora estándar de Argentina)","level":"warn","message":"Ruta GET /favicon.ico no implementada","data":null}
{"timestamp":"Thu Oct 06 2022 19:57:22 GMT-0300 (hora estándar de Argentina)","level":"warn","message":"Ruta GET /api/css/estilos.css no implementada","data":null}
{"timestamp":"Thu Oct 06 2022 19:57:22 GMT-0300 (hora estándar de Argentina)","level":"warn","message":"Ruta GET /public/js/main.js no implementada","data":null}
{"timestamp":"Thu Oct 06 2022 19:57:22 GMT-0300 (hora estándar de Argentina)","level":"warn","message":"Ruta GET /favicon.ico no implementada","data":null}
{"timestamp":"Thu Oct 06 2022 19:59:50 GMT-0300 (hora estándar de Argentina)","level":"warn","message":"Ruta GET /api/css/estilos.css no implementada","data":null}
{"timestamp":"Thu Oct 06 2022 19:59:50 GMT-0300 (hora estándar de Argentina)","level":"warn","message":"Ruta GET /api/js/main.js no implementada","data":null}
{"timestamp":"Thu Oct 06 2022 19:59:50 GMT-0300 (hora estándar de Argentina)","level":"warn","message":"Ruta GET /public/js/main.js no implementada","data":null}
{"timestamp":"Thu Oct 06 2022 19:59:51 GMT-0300 (hora estándar de Argentina)","level":"warn","message":"Ruta GET /favicon.ico no implementada","data":null}
{"timestamp":"Thu Oct 06 2022 20:00:22 GMT-0300 (hora estándar de Argentina)","level":"warn","message":"Ruta GET /api/css/estilos.css no implementada","data":null}
{"timestamp":"Thu Oct 06 2022 20:00:22 GMT-0300 (hora estándar de Argentina)","level":"warn","message":"Ruta GET /api/js/main.js no implementada","data":null}
{"timestamp":"Thu Oct 06 2022 20:00:22 GMT-0300 (hora estándar de Argentina)","level":"warn","message":"Ruta GET /public/js/main.js no implementada","data":null}
{"timestamp":"Thu Oct 06 2022 20:00:22 GMT-0300 (hora estándar de Argentina)","level":"warn","message":"Ruta GET /favicon.ico no implementada","data":null}
{"timestamp":"Thu Oct 06 2022 20:26:18 GMT-0300 (hora estándar de Argentina)","level":"warn","message":"Ruta GET /api/css/estilos.css no implementada","data":null}
{"timestamp":"Thu Oct 06 2022 20:26:18 GMT-0300 (hora estándar de Argentina)","level":"warn","message":"Ruta GET /api/js/main.js no implementada","data":null}
{"timestamp":"Thu Oct 06 2022 20:26:18 GMT-0300 (hora estándar de Argentina)","level":"warn","message":"Ruta GET /public/js/main.js no implementada","data":null}
{"timestamp":"Thu Oct 06 2022 20:26:19 GMT-0300 (hora estándar de Argentina)","level":"warn","message":"Ruta GET /favicon.ico no implementada","data":null}
{"timestamp":"Thu Oct 06 2022 20:28:07 GMT-0300 (hora estándar de Argentina)","level":"warn","message":"Ruta GET /api/css/estilos.css no implementada","data":null}
{"timestamp":"Thu Oct 06 2022 20:28:07 GMT-0300 (hora estándar de Argentina)","level":"warn","message":"Ruta GET /api/js/main.js no implementada","data":null}
{"timestamp":"Thu Oct 06 2022 20:28:07 GMT-0300 (hora estándar de Argentina)","level":"warn","message":"Ruta GET /public/js/main.js no implementada","data":null}
{"timestamp":"Thu Oct 06 2022 20:28:08 GMT-0300 (hora estándar de Argentina)","level":"warn","message":"Ruta GET /api/css/estilos.css no implementada","data":null}
{"timestamp":"Thu Oct 06 2022 20:28:08 GMT-0300 (hora estándar de Argentina)","level":"warn","message":"Ruta GET /api/js/main.js no implementada","data":null}
{"timestamp":"Thu Oct 06 2022 20:28:08 GMT-0300 (hora estándar de Argentina)","level":"warn","message":"Ruta GET /public/js/main.js no implementada","data":null}
{"timestamp":"Thu Oct 06 2022 20:28:09 GMT-0300 (hora estándar de Argentina)","level":"warn","message":"Ruta GET /favicon.ico no implementada","data":null}
{"timestamp":"Thu Oct 06 2022 21:33:31 GMT-0300 (hora estándar de Argentina)","level":"warn","message":"Ruta GET / no implementada","data":null}
{"timestamp":"Thu Oct 06 2022 21:33:32 GMT-0300 (hora estándar de Argentina)","level":"warn","message":"Ruta GET /favicon.ico no implementada","data":null}
{"timestamp":"Thu Oct 06 2022 21:33:38 GMT-0300 (hora estándar de Argentina)","level":"warn","message":"Ruta GET /api/css/estilos.css no implementada","data":null}
{"timestamp":"Thu Oct 06 2022 21:33:38 GMT-0300 (hora estándar de Argentina)","level":"warn","message":"Ruta GET /public/js/main.js no implementada","data":null}
{"timestamp":"Thu Oct 06 2022 21:33:39 GMT-0300 (hora estándar de Argentina)","level":"warn","message":"Ruta GET /favicon.ico no implementada","data":null}
{"timestamp":"Thu Oct 06 2022 21:35:26 GMT-0300 (hora estándar de Argentina)","level":"warn","message":"Ruta GET /api/css/estilos.css no implementada","data":null}
{"timestamp":"Thu Oct 06 2022 21:35:26 GMT-0300 (hora estándar de Argentina)","level":"warn","message":"Ruta GET /public/js/main.js no implementada","data":null}
{"timestamp":"Thu Oct 06 2022 21:35:27 GMT-0300 (hora estándar de Argentina)","level":"warn","message":"Ruta GET /favicon.ico no implementada","data":null}
{"timestamp":"Thu Oct 06 2022 21:36:14 GMT-0300 (hora estándar de Argentina)","level":"warn","message":"Ruta GET /api/css/estilos.css no implementada","data":null}
{"timestamp":"Thu Oct 06 2022 21:36:14 GMT-0300 (hora estándar de Argentina)","level":"warn","message":"Ruta GET /public/js/main.js no implementada","data":null}
{"timestamp":"Thu Oct 06 2022 21:36:14 GMT-0300 (hora estándar de Argentina)","level":"warn","message":"Ruta GET /favicon.ico no implementada","data":null}
{"timestamp":"Thu Oct 06 2022 21:37:17 GMT-0300 (hora estándar de Argentina)","level":"warn","message":"Ruta GET /api/css/estilos.css no implementada","data":null}
{"timestamp":"Thu Oct 06 2022 21:37:17 GMT-0300 (hora estándar de Argentina)","level":"warn","message":"Ruta GET /favicon.ico no implementada","data":null}
{"timestamp":"Thu Oct 06 2022 21:37:28 GMT-0300 (hora estándar de Argentina)","level":"warn","message":"Ruta GET /api/css/estilos.css no implementada","data":null}
{"timestamp":"Thu Oct 06 2022 21:37:28 GMT-0300 (hora estándar de Argentina)","level":"warn","message":"Ruta GET /api/js/main.js no implementada","data":null}
{"timestamp":"Thu Oct 06 2022 21:37:29 GMT-0300 (hora estándar de Argentina)","level":"warn","message":"Ruta GET /favicon.ico no implementada","data":null}
{"timestamp":"Thu Oct 06 2022 21:38:03 GMT-0300 (hora estándar de Argentina)","level":"warn","message":"Ruta GET /api/css/estilos.css no implementada","data":null}
{"timestamp":"Thu Oct 06 2022 21:38:03 GMT-0300 (hora estándar de Argentina)","level":"warn","message":"Ruta GET /favicon.ico no implementada","data":null}
{"timestamp":"Thu Oct 06 2022 21:38:23 GMT-0300 (hora estándar de Argentina)","level":"warn","message":"Ruta GET /api/css/estilos.css no implementada","data":null}
{"timestamp":"Thu Oct 06 2022 21:40:22 GMT-0300 (hora estándar de Argentina)","level":"warn","message":"Ruta GET /api/css/estilos.css no implementada","data":null}
{"timestamp":"Thu Oct 06 2022 21:40:23 GMT-0300 (hora estándar de Argentina)","level":"warn","message":"Ruta GET /favicon.ico no implementada","data":null}
{"timestamp":"Thu Oct 06 2022 22:06:08 GMT-0300 (hora estándar de Argentina)","level":"warn","message":"Ruta GET /api/css/estilos.css no implementada","data":null}
{"timestamp":"Thu Oct 06 2022 22:06:08 GMT-0300 (hora estándar de Argentina)","level":"warn","message":"Ruta GET /favicon.ico no implementada","data":null}
{"timestamp":"Thu Oct 06 2022 22:07:37 GMT-0300 (hora estándar de Argentina)","level":"warn","message":"Ruta GET /api/css/estilos.css no implementada","data":null}
{"timestamp":"Thu Oct 06 2022 22:07:42 GMT-0300 (hora estándar de Argentina)","level":"warn","message":"Ruta GET /favicon.ico no implementada","data":null}
{"timestamp":"Thu Oct 06 2022 22:07:50 GMT-0300 (hora estándar de Argentina)","level":"warn","message":"Ruta GET /api/css/estilos.css no implementada","data":null}
{"timestamp":"Thu Oct 06 2022 22:07:51 GMT-0300 (hora estándar de Argentina)","level":"warn","message":"Ruta GET /favicon.ico no implementada","data":null}
{"timestamp":"Thu Oct 06 2022 22:09:56 GMT-0300 (hora estándar de Argentina)","level":"warn","message":"Ruta GET /api/css/estilos.css no implementada","data":null}
{"timestamp":"Thu Oct 06 2022 22:09:57 GMT-0300 (hora estándar de Argentina)","level":"warn","message":"Ruta GET /favicon.ico no implementada","data":null}
{"timestamp":"Thu Oct 06 2022 22:11:27 GMT-0300 (hora estándar de Argentina)","level":"warn","message":"Ruta GET /api/css/estilos.css no implementada","data":null}
{"timestamp":"Thu Oct 06 2022 22:11:28 GMT-0300 (hora estándar de Argentina)","level":"warn","message":"Ruta GET /favicon.ico no implementada","data":null}
{"timestamp":"Thu Oct 06 2022 22:14:36 GMT-0300 (hora estándar de Argentina)","level":"warn","message":"Ruta GET /api/css/estilos.css no implementada","data":null}
{"timestamp":"Thu Oct 06 2022 22:14:36 GMT-0300 (hora estándar de Argentina)","level":"warn","message":"Ruta GET /favicon.ico no implementada","data":null}
{"timestamp":"Thu Oct 06 2022 22:15:30 GMT-0300 (hora estándar de Argentina)","level":"warn","message":"Ruta GET /api/css/estilos.css no implementada","data":null}
{"timestamp":"Thu Oct 06 2022 22:15:30 GMT-0300 (hora estándar de Argentina)","level":"warn","message":"Ruta GET /favicon.ico no implementada","data":null}
{"timestamp":"Thu Oct 06 2022 22:16:00 GMT-0300 (hora estándar de Argentina)","level":"warn","message":"Ruta GET /api/css/estilos.css no implementada","data":null}
{"timestamp":"Thu Oct 06 2022 22:16:01 GMT-0300 (hora estándar de Argentina)","level":"warn","message":"Ruta GET /favicon.ico no implementada","data":null}
{"timestamp":"Fri Oct 07 2022 10:10:58 GMT-0300 (hora estándar de Argentina)","level":"warn","message":"Ruta GET /api/css/estilos.css no implementada","data":null}
{"timestamp":"Fri Oct 07 2022 10:10:59 GMT-0300 (hora estándar de Argentina)","level":"warn","message":"Ruta GET /favicon.ico no implementada","data":null}
{"timestamp":"Fri Oct 07 2022 10:11:03 GMT-0300 (hora estándar de Argentina)","level":"warn","message":"Ruta GET /api/css/estilos.css no implementada","data":null}
{"timestamp":"Fri Oct 07 2022 10:36:11 GMT-0300 (hora estándar de Argentina)","level":"warn","message":"Ruta GET /api/css/estilos.css no implementada","data":null}
{"timestamp":"Fri Oct 07 2022 10:36:11 GMT-0300 (hora estándar de Argentina)","level":"warn","message":"Ruta GET /favicon.ico no implementada","data":null}
{"timestamp":"Fri Oct 07 2022 10:36:26 GMT-0300 (hora estándar de Argentina)","level":"warn","message":"Ruta GET /api/css/estilos.css no implementada","data":null}
{"timestamp":"Fri Oct 07 2022 10:36:27 GMT-0300 (hora estándar de Argentina)","level":"warn","message":"Ruta GET /favicon.ico no implementada","data":null}
{"timestamp":"Fri Oct 07 2022 10:36:40 GMT-0300 (hora estándar de Argentina)","level":"warn","message":"Ruta GET /api/css/estilos.css no implementada","data":null}
{"timestamp":"Fri Oct 07 2022 10:36:41 GMT-0300 (hora estándar de Argentina)","level":"warn","message":"Ruta GET /favicon.ico no implementada","data":null}
{"timestamp":"Fri Oct 07 2022 11:06:13 GMT-0300 (hora estándar de Argentina)","level":"error","message":{},"data":null}
{"timestamp":"Fri Oct 07 2022 11:08:12 GMT-0300 (hora estándar de Argentina)","level":"error","message":{},"data":null}
{"timestamp":"Fri Oct 07 2022 11:15:25 GMT-0300 (hora estándar de Argentina)","level":"error","message":{},"data":null}
{"timestamp":"Fri Oct 07 2022 11:32:30 GMT-0300 (hora estándar de Argentina)","level":"warn","message":"Ruta GET / no implementada","data":null}
{"timestamp":"Fri Oct 07 2022 11:32:30 GMT-0300 (hora estándar de Argentina)","level":"warn","message":"Ruta GET /favicon.ico no implementada","data":null}
{"timestamp":"Fri Oct 07 2022 11:32:43 GMT-0300 (hora estándar de Argentina)","level":"warn","message":"Ruta GET /api/css/estilos.css no implementada","data":null}
{"timestamp":"Fri Oct 07 2022 11:32:43 GMT-0300 (hora estándar de Argentina)","level":"warn","message":"Ruta GET /favicon.ico no implementada","data":null}
{"timestamp":"Fri Oct 07 2022 11:33:06 GMT-0300 (hora estándar de Argentina)","level":"warn","message":"Ruta GET /api/css/estilos.css no implementada","data":null}
{"timestamp":"Fri Oct 07 2022 11:33:49 GMT-0300 (hora estándar de Argentina)","level":"warn","message":"Ruta GET / no implementada","data":null}
{"timestamp":"Fri Oct 07 2022 11:33:49 GMT-0300 (hora estándar de Argentina)","level":"warn","message":"Ruta GET /favicon.ico no implementada","data":null}
{"timestamp":"Fri Oct 07 2022 11:33:58 GMT-0300 (hora estándar de Argentina)","level":"warn","message":"Ruta GET /api/css/estilos.css no implementada","data":null}
{"timestamp":"Fri Oct 07 2022 11:33:58 GMT-0300 (hora estándar de Argentina)","level":"warn","message":"Ruta GET /favicon.ico no implementada","data":null}
{"timestamp":"Fri Oct 07 2022 11:34:07 GMT-0300 (hora estándar de Argentina)","level":"warn","message":"Ruta GET /api/css/estilos.css no implementada","data":null}
{"timestamp":"Fri Oct 07 2022 11:34:08 GMT-0300 (hora estándar de Argentina)","level":"warn","message":"Ruta GET /favicon.ico no implementada","data":null}
{"timestamp":"Fri Oct 07 2022 11:44:59 GMT-0300 (hora estándar de Argentina)","level":"warn","message":"Ruta GET /api/css/estilos.css no implementada","data":null}
{"timestamp":"Fri Oct 07 2022 11:44:59 GMT-0300 (hora estándar de Argentina)","level":"warn","message":"Ruta GET /favicon.ico no implementada","data":null}
{"timestamp":"Fri Oct 07 2022 11:45:03 GMT-0300 (hora estándar de Argentina)","level":"warn","message":"Ruta GET /api/css/estilos.css no implementada","data":null}
{"timestamp":"Fri Oct 07 2022 11:46:16 GMT-0300 (hora estándar de Argentina)","level":"error","message":{},"data":null}
{"timestamp":"Fri Oct 07 2022 11:46:16 GMT-0300 (hora estándar de Argentina)","level":"error","message":{},"data":null}
{"timestamp":"Fri Oct 07 2022 11:46:34 GMT-0300 (hora estándar de Argentina)","level":"warn","message":"Ruta GET /api/css/estilos.css no implementada","data":null}
{"timestamp":"Fri Oct 07 2022 11:46:35 GMT-0300 (hora estándar de Argentina)","level":"warn","message":"Ruta GET /favicon.ico no implementada","data":null}
{"timestamp":"Fri Oct 07 2022 11:46:42 GMT-0300 (hora estándar de Argentina)","level":"error","message":{},"data":null}
{"timestamp":"Fri Oct 07 2022 11:46:42 GMT-0300 (hora estándar de Argentina)","level":"error","message":{},"data":null}
{"timestamp":"Fri Oct 07 2022 11:54:19 GMT-0300 (hora estándar de Argentina)","level":"error","message":{},"data":null}
{"timestamp":"Fri Oct 07 2022 11:54:20 GMT-0300 (hora estándar de Argentina)","level":"error","message":{},"data":null}
{"timestamp":"Fri Oct 07 2022 12:20:04 GMT-0300 (hora estándar de Argentina)","level":"warn","message":"Ruta GET /api/css/estilos.css no implementada","data":null}
{"timestamp":"Fri Oct 07 2022 12:20:04 GMT-0300 (hora estándar de Argentina)","level":"warn","message":"Ruta GET /favicon.ico no implementada","data":null}
{"timestamp":"Fri Oct 07 2022 12:20:09 GMT-0300 (hora estándar de Argentina)","level":"warn","message":"Ruta GET /api/css/estilos.css no implementada","data":null}
{"timestamp":"Fri Oct 07 2022 12:21:34 GMT-0300 (hora estándar de Argentina)","level":"warn","message":"Ruta GET /api/css/estilos.css no implementada","data":null}
{"timestamp":"Fri Oct 07 2022 12:21:35 GMT-0300 (hora estándar de Argentina)","level":"warn","message":"Ruta GET /favicon.ico no implementada","data":null}
{"timestamp":"Fri Oct 07 2022 12:21:41 GMT-0300 (hora estándar de Argentina)","level":"error","message":{},"data":null}
{"timestamp":"Fri Oct 07 2022 12:21:41 GMT-0300 (hora estándar de Argentina)","level":"error","message":{},"data":null}
{"timestamp":"Fri Oct 07 2022 12:21:54 GMT-0300 (hora estándar de Argentina)","level":"error","message":{},"data":null}
{"timestamp":"Fri Oct 07 2022 12:21:54 GMT-0300 (hora estándar de Argentina)","level":"error","message":{},"data":null}
{"timestamp":"Fri Oct 07 2022 12:21:54 GMT-0300 (hora estándar de Argentina)","level":"error","message":{},"data":null}
{"timestamp":"Fri Oct 07 2022 12:21:54 GMT-0300 (hora estándar de Argentina)","level":"error","message":{},"data":null}
{"timestamp":"Fri Oct 07 2022 12:22:09 GMT-0300 (hora estándar de Argentina)","level":"error","message":{},"data":null}
{"timestamp":"Fri Oct 07 2022 12:22:09 GMT-0300 (hora estándar de Argentina)","level":"error","message":{},"data":null}
{"timestamp":"Fri Oct 07 2022 12:32:37 GMT-0300 (hora estándar de Argentina)","level":"error","message":{},"data":null}
{"timestamp":"Fri Oct 07 2022 12:32:37 GMT-0300 (hora estándar de Argentina)","level":"error","message":{},"data":null}
{"timestamp":"Fri Oct 07 2022 17:31:34 GMT-0300 (hora estándar de Argentina)","level":"warn","message":"Ruta GET / no implementada","data":null}
{"timestamp":"Fri Oct 07 2022 17:31:34 GMT-0300 (hora estándar de Argentina)","level":"warn","message":"Ruta GET /favicon.ico no implementada","data":null}
{"timestamp":"Fri Oct 07 2022 17:32:15 GMT-0300 (hora estándar de Argentina)","level":"warn","message":"Ruta GET /css/estilos.css no implementada","data":null}
{"timestamp":"Fri Oct 07 2022 17:32:15 GMT-0300 (hora estándar de Argentina)","level":"warn","message":"Ruta GET /favicon.ico no implementada","data":null}
{"timestamp":"Fri Oct 07 2022 17:32:41 GMT-0300 (hora estándar de Argentina)","level":"warn","message":"Ruta POST /login no implementada","data":null}
{"timestamp":"Fri Oct 07 2022 17:32:41 GMT-0300 (hora estándar de Argentina)","level":"warn","message":"Ruta GET /favicon.ico no implementada","data":null}
{"timestamp":"Fri Oct 07 2022 17:36:10 GMT-0300 (hora estándar de Argentina)","level":"warn","message":"Ruta GET /css/estilos.css no implementada","data":null}
{"timestamp":"Fri Oct 07 2022 17:36:10 GMT-0300 (hora estándar de Argentina)","level":"warn","message":"Ruta GET /favicon.ico no implementada","data":null}
{"timestamp":"Fri Oct 07 2022 17:36:18 GMT-0300 (hora estándar de Argentina)","level":"warn","message":"Ruta POST /login no implementada","data":null}
{"timestamp":"Fri Oct 07 2022 17:36:19 GMT-0300 (hora estándar de Argentina)","level":"warn","message":"Ruta GET /favicon.ico no implementada","data":null}
{"timestamp":"Fri Oct 07 2022 17:49:33 GMT-0300 (hora estándar de Argentina)","level":"warn","message":"Ruta GET /css/estilos.css no implementada","data":null}
{"timestamp":"Fri Oct 07 2022 17:49:34 GMT-0300 (hora estándar de Argentina)","level":"warn","message":"Ruta GET /favicon.ico no implementada","data":null}
{"timestamp":"Fri Oct 07 2022 17:49:44 GMT-0300 (hora estándar de Argentina)","level":"warn","message":"Ruta GET /errorLogin no implementada","data":null}
{"timestamp":"Fri Oct 07 2022 17:49:44 GMT-0300 (hora estándar de Argentina)","level":"warn","message":"Ruta GET /favicon.ico no implementada","data":null}
{"timestamp":"Fri Oct 07 2022 17:49:59 GMT-0300 (hora estándar de Argentina)","level":"warn","message":"Ruta GET /favicon.ico no implementada","data":null}
{"timestamp":"Fri Oct 07 2022 17:50:01 GMT-0300 (hora estándar de Argentina)","level":"warn","message":"Ruta GET /errorLogin no implementada","data":null}
{"timestamp":"Fri Oct 07 2022 17:50:01 GMT-0300 (hora estándar de Argentina)","level":"warn","message":"Ruta GET /favicon.ico no implementada","data":null}
{"timestamp":"Fri Oct 07 2022 17:50:06 GMT-0300 (hora estándar de Argentina)","level":"warn","message":"Ruta GET /favicon.ico no implementada","data":null}
{"timestamp":"Fri Oct 07 2022 17:51:53 GMT-0300 (hora estándar de Argentina)","level":"warn","message":"Ruta GET /errorLogin no implementada","data":null}
{"timestamp":"Fri Oct 07 2022 17:51:54 GMT-0300 (hora estándar de Argentina)","level":"warn","message":"Ruta GET /favicon.ico no implementada","data":null}
{"timestamp":"Fri Oct 07 2022 17:52:15 GMT-0300 (hora estándar de Argentina)","level":"warn","message":"Ruta GET /errorLogin no implementada","data":null}
{"timestamp":"Fri Oct 07 2022 17:52:15 GMT-0300 (hora estándar de Argentina)","level":"warn","message":"Ruta GET /favicon.ico no implementada","data":null}
{"timestamp":"Fri Oct 07 2022 17:52:18 GMT-0300 (hora estándar de Argentina)","level":"warn","message":"Ruta GET /favicon.ico no implementada","data":null}
{"timestamp":"Fri Oct 07 2022 17:52:28 GMT-0300 (hora estándar de Argentina)","level":"warn","message":"Ruta GET /errorLogin no implementada","data":null}
{"timestamp":"Fri Oct 07 2022 17:52:28 GMT-0300 (hora estándar de Argentina)","level":"warn","message":"Ruta GET /favicon.ico no implementada","data":null}
{"timestamp":"Fri Oct 07 2022 17:54:09 GMT-0300 (hora estándar de Argentina)","level":"warn","message":"Ruta GET /favicon.ico no implementada","data":null}
{"timestamp":"Fri Oct 07 2022 17:54:11 GMT-0300 (hora estándar de Argentina)","level":"warn","message":"Ruta GET /errorLogin no implementada","data":null}
{"timestamp":"Fri Oct 07 2022 17:54:11 GMT-0300 (hora estándar de Argentina)","level":"warn","message":"Ruta GET /favicon.ico no implementada","data":null}
{"timestamp":"Fri Oct 07 2022 17:54:41 GMT-0300 (hora estándar de Argentina)","level":"warn","message":"Ruta GET /favicon.ico no implementada","data":null}
{"timestamp":"Fri Oct 07 2022 17:54:42 GMT-0300 (hora estándar de Argentina)","level":"warn","message":"Ruta GET /css/estilos.css no implementada","data":null}
{"timestamp":"Fri Oct 07 2022 17:55:10 GMT-0300 (hora estándar de Argentina)","level":"warn","message":"Ruta GET /css/estilos.css no implementada","data":null}
{"timestamp":"Fri Oct 07 2022 17:55:11 GMT-0300 (hora estándar de Argentina)","level":"warn","message":"Ruta GET /favicon.ico no implementada","data":null}
{"timestamp":"Fri Oct 07 2022 17:56:02 GMT-0300 (hora estándar de Argentina)","level":"warn","message":"Ruta GET /css/estilos.css no implementada","data":null}
{"timestamp":"Fri Oct 07 2022 17:56:03 GMT-0300 (hora estándar de Argentina)","level":"warn","message":"Ruta GET /favicon.ico no implementada","data":null}
{"timestamp":"Fri Oct 07 2022 17:57:26 GMT-0300 (hora estándar de Argentina)","level":"warn","message":"Ruta GET /favicon.ico no implementada","data":null}
{"timestamp":"Fri Oct 07 2022 19:32:19 GMT-0300 (hora estándar de Argentina)","level":"warn","message":"Ruta GET /css/estilos.css no implementada","data":null}
{"timestamp":"Fri Oct 07 2022 19:32:19 GMT-0300 (hora estándar de Argentina)","level":"warn","message":"Ruta GET /favicon.ico no implementada","data":null}
{"timestamp":"Fri Oct 07 2022 19:33:27 GMT-0300 (hora estándar de Argentina)","level":"warn","message":"Ruta GET /favicon.ico no implementada","data":null}
{"timestamp":"Fri Oct 07 2022 19:34:13 GMT-0300 (hora estándar de Argentina)","level":"warn","message":"Ruta GET /logout no implementada","data":null}
{"timestamp":"Fri Oct 07 2022 19:34:13 GMT-0300 (hora estándar de Argentina)","level":"warn","message":"Ruta GET /favicon.ico no implementada","data":null}
{"timestamp":"Fri Oct 07 2022 19:43:19 GMT-0300 (hora estándar de Argentina)","level":"warn","message":"Ruta GET /css/estilos.css no implementada","data":null}
{"timestamp":"Fri Oct 07 2022 19:43:19 GMT-0300 (hora estándar de Argentina)","level":"warn","message":"Ruta GET /favicon.ico no implementada","data":null}
{"timestamp":"Fri Oct 07 2022 19:43:25 GMT-0300 (hora estándar de Argentina)","level":"warn","message":"Ruta GET / no implementada","data":null}
{"timestamp":"Fri Oct 07 2022 19:43:25 GMT-0300 (hora estándar de Argentina)","level":"warn","message":"Ruta GET /favicon.ico no implementada","data":null}
{"timestamp":"Fri Oct 07 2022 19:43:47 GMT-0300 (hora estándar de Argentina)","level":"warn","message":"Ruta GET /css/estilos.css no implementada","data":null}
{"timestamp":"Fri Oct 07 2022 19:43:47 GMT-0300 (hora estándar de Argentina)","level":"warn","message":"Ruta GET /favicon.ico no implementada","data":null}
{"timestamp":"Fri Oct 07 2022 19:43:53 GMT-0300 (hora estándar de Argentina)","level":"warn","message":"Ruta GET / no implementada","data":null}
{"timestamp":"Fri Oct 07 2022 19:43:54 GMT-0300 (hora estándar de Argentina)","level":"warn","message":"Ruta GET /favicon.ico no implementada","data":null}
{"timestamp":"Fri Oct 07 2022 19:46:44 GMT-0300 (hora estándar de Argentina)","level":"warn","message":"Ruta GET /css/estilos.css no implementada","data":null}
{"timestamp":"Fri Oct 07 2022 19:46:44 GMT-0300 (hora estándar de Argentina)","level":"warn","message":"Ruta GET /favicon.ico no implementada","data":null}
{"timestamp":"Fri Oct 07 2022 19:46:51 GMT-0300 (hora estándar de Argentina)","level":"warn","message":"Ruta GET /errorLogin no implementada","data":null}
{"timestamp":"Fri Oct 07 2022 19:46:52 GMT-0300 (hora estándar de Argentina)","level":"warn","message":"Ruta GET /favicon.ico no implementada","data":null}
{"timestamp":"Fri Oct 07 2022 19:47:39 GMT-0300 (hora estándar de Argentina)","level":"warn","message":"Ruta GET /css/estilos.css no implementada","data":null}
{"timestamp":"Fri Oct 07 2022 19:47:39 GMT-0300 (hora estándar de Argentina)","level":"warn","message":"Ruta GET /favicon.ico no implementada","data":null}
{"timestamp":"Fri Oct 07 2022 19:47:43 GMT-0300 (hora estándar de Argentina)","level":"warn","message":"Ruta GET /errorLogin no implementada","data":null}
{"timestamp":"Fri Oct 07 2022 19:47:43 GMT-0300 (hora estándar de Argentina)","level":"warn","message":"Ruta GET /favicon.ico no implementada","data":null}
{"timestamp":"Fri Oct 07 2022 19:48:20 GMT-0300 (hora estándar de Argentina)","level":"warn","message":"Ruta GET /css/estilos.css no implementada","data":null}
{"timestamp":"Fri Oct 07 2022 19:48:20 GMT-0300 (hora estándar de Argentina)","level":"warn","message":"Ruta GET /favicon.ico no implementada","data":null}
{"timestamp":"Fri Oct 07 2022 19:48:24 GMT-0300 (hora estándar de Argentina)","level":"warn","message":"Ruta GET /css/estilos.css no implementada","data":null}
{"timestamp":"Fri Oct 07 2022 19:48:24 GMT-0300 (hora estándar de Argentina)","level":"warn","message":"Ruta GET /favicon.ico no implementada","data":null}
{"timestamp":"Fri Oct 07 2022 19:48:27 GMT-0300 (hora estándar de Argentina)","level":"warn","message":"Ruta GET / no implementada","data":null}
{"timestamp":"Fri Oct 07 2022 19:48:27 GMT-0300 (hora estándar de Argentina)","level":"warn","message":"Ruta GET /favicon.ico no implementada","data":null}
{"timestamp":"Fri Oct 07 2022 19:50:43 GMT-0300 (hora estándar de Argentina)","level":"warn","message":"Ruta GET /chat no implementada","data":null}
{"timestamp":"Fri Oct 07 2022 19:50:43 GMT-0300 (hora estándar de Argentina)","level":"warn","message":"Ruta GET /favicon.ico no implementada","data":null}
{"timestamp":"Fri Oct 07 2022 19:50:48 GMT-0300 (hora estándar de Argentina)","level":"warn","message":"Ruta GET /api/chat no implementada","data":null}
{"timestamp":"Fri Oct 07 2022 19:50:49 GMT-0300 (hora estándar de Argentina)","level":"warn","message":"Ruta GET /favicon.ico no implementada","data":null}
{"timestamp":"Sat Oct 08 2022 18:41:09 GMT-0300 (hora estándar de Argentina)","level":"warn","message":"Ruta GET /css/estilos.css no implementada","data":null}
{"timestamp":"Sat Oct 08 2022 18:41:09 GMT-0300 (hora estándar de Argentina)","level":"warn","message":"Ruta GET /favicon.ico no implementada","data":null}
{"timestamp":"Sat Oct 08 2022 18:41:22 GMT-0300 (hora estándar de Argentina)","level":"warn","message":"Ruta GET /css/estilos.css no implementada","data":null}
{"timestamp":"Sat Oct 08 2022 18:41:23 GMT-0300 (hora estándar de Argentina)","level":"warn","message":"Ruta GET /favicon.ico no implementada","data":null}
{"timestamp":"Sat Oct 08 2022 18:42:59 GMT-0300 (hora estándar de Argentina)","level":"warn","message":"Ruta GET / no implementada","data":null}
{"timestamp":"Sat Oct 08 2022 18:42:59 GMT-0300 (hora estándar de Argentina)","level":"warn","message":"Ruta GET /favicon.ico no implementada","data":null}
{"timestamp":"Sat Oct 08 2022 18:43:27 GMT-0300 (hora estándar de Argentina)","level":"warn","message":"Ruta GET /favicon.ico no implementada","data":null}
{"timestamp":"Sat Oct 08 2022 18:43:41 GMT-0300 (hora estándar de Argentina)","level":"warn","message":"Ruta GET /css/estilos.css no implementada","data":null}
{"timestamp":"Sat Oct 08 2022 18:43:41 GMT-0300 (hora estándar de Argentina)","level":"warn","message":"Ruta GET /favicon.ico no implementada","data":null}
{"timestamp":"Sat Oct 08 2022 18:45:31 GMT-0300 (hora estándar de Argentina)","level":"warn","message":"Ruta GET /css/estilos.css no implementada","data":null}
{"timestamp":"Sat Oct 08 2022 18:45:31 GMT-0300 (hora estándar de Argentina)","level":"warn","message":"Ruta GET /favicon.ico no implementada","data":null}
{"timestamp":"Sat Oct 08 2022 18:46:29 GMT-0300 (hora estándar de Argentina)","level":"warn","message":"Ruta GET /favicon.ico no implementada","data":null}
{"timestamp":"Sat Oct 08 2022 18:46:41 GMT-0300 (hora estándar de Argentina)","level":"warn","message":"Ruta GET /css/estilos.css no implementada","data":null}
{"timestamp":"Sat Oct 08 2022 18:46:41 GMT-0300 (hora estándar de Argentina)","level":"warn","message":"Ruta GET /favicon.ico no implementada","data":null}
{"timestamp":"Sat Oct 08 2022 18:49:19 GMT-0300 (hora estándar de Argentina)","level":"warn","message":"Ruta GET /favicon.ico no implementada","data":null}
{"timestamp":"Sat Oct 08 2022 18:57:48 GMT-0300 (hora estándar de Argentina)","level":"warn","message":"Ruta GET /css/estilos.css no implementada","data":null}
{"timestamp":"Sat Oct 08 2022 18:57:48 GMT-0300 (hora estándar de Argentina)","level":"warn","message":"Ruta GET /favicon.ico no implementada","data":null}
{"timestamp":"Sat Oct 08 2022 19:18:46 GMT-0300 (hora estándar de Argentina)","level":"warn","message":"Ruta GET /css/estilos.css no implementada","data":null}
{"timestamp":"Sat Oct 08 2022 19:18:47 GMT-0300 (hora estándar de Argentina)","level":"warn","message":"Ruta GET /favicon.ico no implementada","data":null}
{"timestamp":"Sat Oct 08 2022 19:20:47 GMT-0300 (hora estándar de Argentina)","level":"warn","message":"Ruta GET /css/estilos.css no implementada","data":null}
{"timestamp":"Sat Oct 08 2022 19:20:47 GMT-0300 (hora estándar de Argentina)","level":"warn","message":"Ruta GET /favicon.ico no implementada","data":null}
{"timestamp":"Sat Oct 08 2022 19:22:15 GMT-0300 (hora estándar de Argentina)","level":"warn","message":"Ruta GET /css/estilos.css no implementada","data":null}
{"timestamp":"Sat Oct 08 2022 19:22:15 GMT-0300 (hora estándar de Argentina)","level":"warn","message":"Ruta GET /favicon.ico no implementada","data":null}
{"timestamp":"Sat Oct 08 2022 19:30:43 GMT-0300 (hora estándar de Argentina)","level":"warn","message":"Ruta GET /css/estilos.css no implementada","data":null}
{"timestamp":"Sat Oct 08 2022 19:30:43 GMT-0300 (hora estándar de Argentina)","level":"warn","message":"Ruta GET /favicon.ico no implementada","data":null}
{"timestamp":"Sat Oct 08 2022 19:32:46 GMT-0300 (hora estándar de Argentina)","level":"warn","message":"Ruta GET /css/estilos.css no implementada","data":null}
{"timestamp":"Sat Oct 08 2022 19:32:47 GMT-0300 (hora estándar de Argentina)","level":"warn","message":"Ruta GET /favicon.ico no implementada","data":null}
{"timestamp":"Sat Oct 08 2022 19:32:55 GMT-0300 (hora estándar de Argentina)","level":"warn","message":"Ruta GET /css/estilos.css no implementada","data":null}
{"timestamp":"Sat Oct 08 2022 19:32:56 GMT-0300 (hora estándar de Argentina)","level":"warn","message":"Ruta GET /favicon.ico no implementada","data":null}
{"timestamp":"Sat Oct 08 2022 19:34:41 GMT-0300 (hora estándar de Argentina)","level":"warn","message":"Ruta GET / no implementada","data":null}
{"timestamp":"Sat Oct 08 2022 19:34:41 GMT-0300 (hora estándar de Argentina)","level":"warn","message":"Ruta GET /favicon.ico no implementada","data":null}
{"timestamp":"Sat Oct 08 2022 19:34:44 GMT-0300 (hora estándar de Argentina)","level":"warn","message":"Ruta GET /favicon.ico no implementada","data":null}
{"timestamp":"Sat Oct 08 2022 19:34:45 GMT-0300 (hora estándar de Argentina)","level":"warn","message":"Ruta GET /favicon.ico no implementada","data":null}
{"timestamp":"Sat Oct 08 2022 19:35:08 GMT-0300 (hora estándar de Argentina)","level":"warn","message":"Ruta GET /css/estilos.css no implementada","data":null}
{"timestamp":"Sat Oct 08 2022 19:35:08 GMT-0300 (hora estándar de Argentina)","level":"warn","message":"Ruta GET /favicon.ico no implementada","data":null}
{"timestamp":"Sat Oct 08 2022 19:35:11 GMT-0300 (hora estándar de Argentina)","level":"warn","message":"Ruta GET /favicon.ico no implementada","data":null}
{"timestamp":"Sat Oct 08 2022 19:35:30 GMT-0300 (hora estándar de Argentina)","level":"warn","message":"Ruta GET /css/estilos.css no implementada","data":null}
{"timestamp":"Sat Oct 08 2022 19:35:31 GMT-0300 (hora estándar de Argentina)","level":"warn","message":"Ruta GET /favicon.ico no implementada","data":null}
{"timestamp":"Sat Oct 08 2022 19:36:30 GMT-0300 (hora estándar de Argentina)","level":"warn","message":"Ruta GET /css/estilos.css no implementada","data":null}
{"timestamp":"Sat Oct 08 2022 19:36:30 GMT-0300 (hora estándar de Argentina)","level":"warn","message":"Ruta GET /favicon.ico no implementada","data":null}
{"timestamp":"Sat Oct 08 2022 19:41:56 GMT-0300 (hora estándar de Argentina)","level":"warn","message":"Ruta GET /css/estilos.css no implementada","data":null}
{"timestamp":"Sat Oct 08 2022 19:41:56 GMT-0300 (hora estándar de Argentina)","level":"warn","message":"Ruta GET /favicon.ico no implementada","data":null}
{"timestamp":"Sat Oct 08 2022 19:42:21 GMT-0300 (hora estándar de Argentina)","level":"warn","message":"Ruta GET /css/estilos.css no implementada","data":null}
{"timestamp":"Sat Oct 08 2022 19:42:21 GMT-0300 (hora estándar de Argentina)","level":"warn","message":"Ruta GET /favicon.ico no implementada","data":null}
{"timestamp":"Sat Oct 08 2022 19:43:30 GMT-0300 (hora estándar de Argentina)","level":"warn","message":"Ruta GET /favicon.ico no implementada","data":null}
{"timestamp":"Sat Oct 08 2022 19:43:32 GMT-0300 (hora estándar de Argentina)","level":"warn","message":"Ruta GET /css/estilos.css no implementada","data":null}
{"timestamp":"Sat Oct 08 2022 19:43:32 GMT-0300 (hora estándar de Argentina)","level":"warn","message":"Ruta GET /favicon.ico no implementada","data":null}
{"timestamp":"Sat Oct 08 2022 19:44:52 GMT-0300 (hora estándar de Argentina)","level":"warn","message":"Ruta GET /favicon.ico no implementada","data":null}
{"timestamp":"Sat Oct 08 2022 19:44:54 GMT-0300 (hora estándar de Argentina)","level":"warn","message":"Ruta GET /css/estilos.css no implementada","data":null}
{"timestamp":"Sat Oct 08 2022 19:44:54 GMT-0300 (hora estándar de Argentina)","level":"warn","message":"Ruta GET /favicon.ico no implementada","data":null}
{"timestamp":"Sat Oct 08 2022 19:45:39 GMT-0300 (hora estándar de Argentina)","level":"warn","message":"Ruta POST /api/usuario/1 no implementada","data":null}
{"timestamp":"Sat Oct 08 2022 19:45:47 GMT-0300 (hora estándar de Argentina)","level":"error","message":"Product not found","data":null}
{"timestamp":"Sat Oct 08 2022 19:45:57 GMT-0300 (hora estándar de Argentina)","level":"error","message":"Product not found","data":null}
{"timestamp":"Sat Oct 08 2022 19:46:15 GMT-0300 (hora estándar de Argentina)","level":"error","message":"Product not found","data":null}
{"timestamp":"Sat Oct 08 2022 19:46:26 GMT-0300 (hora estándar de Argentina)","level":"error","message":"Product not found","data":null}
{"timestamp":"Sat Oct 08 2022 19:48:13 GMT-0300 (hora estándar de Argentina)","level":"error","message":"Product not found","data":null}
{"timestamp":"Sat Oct 08 2022 19:50:53 GMT-0300 (hora estándar de Argentina)","level":"error","message":"Product not found","data":null}
{"timestamp":"Sat Oct 08 2022 19:52:13 GMT-0300 (hora estándar de Argentina)","level":"error","message":"Product not found","data":null}
{"timestamp":"Sat Oct 08 2022 19:52:23 GMT-0300 (hora estándar de Argentina)","level":"error","message":"Product not found","data":null}
{"timestamp":"Sat Oct 08 2022 19:52:36 GMT-0300 (hora estándar de Argentina)","level":"error","message":"Product not found","data":null}
{"timestamp":"Sat Oct 08 2022 19:52:45 GMT-0300 (hora estándar de Argentina)","level":"error","message":"Product not found","data":null}
{"timestamp":"Sat Oct 08 2022 19:53:04 GMT-0300 (hora estándar de Argentina)","level":"error","message":"Product not found","data":null}
{"timestamp":"Sat Oct 08 2022 19:55:18 GMT-0300 (hora estándar de Argentina)","level":"error","message":"Product not found","data":null}
{"timestamp":"Sat Oct 08 2022 19:56:20 GMT-0300 (hora estándar de Argentina)","level":"error","message":"Product not found","data":null}
{"timestamp":"Sat Oct 08 2022 19:57:13 GMT-0300 (hora estándar de Argentina)","level":"error","message":"Product not found","data":null}
{"timestamp":"Sat Oct 08 2022 19:58:31 GMT-0300 (hora estándar de Argentina)","level":"error","message":"Product not found","data":null}
{"timestamp":"Sat Oct 08 2022 19:58:31 GMT-0300 (hora estándar de Argentina)","level":"error","message":"Product not found","data":null}
{"timestamp":"Sat Oct 08 2022 19:58:32 GMT-0300 (hora estándar de Argentina)","level":"error","message":"Product not found","data":null}
{"timestamp":"Sat Oct 08 2022 19:58:33 GMT-0300 (hora estándar de Argentina)","level":"error","message":"Product not found","data":null}
{"timestamp":"Sat Oct 08 2022 19:58:45 GMT-0300 (hora estándar de Argentina)","level":"error","message":"Product not found","data":null}
{"timestamp":"Sat Oct 08 2022 19:58:45 GMT-0300 (hora estándar de Argentina)","level":"error","message":"Product not found","data":null}
{"timestamp":"Sat Oct 08 2022 19:58:46 GMT-0300 (hora estándar de Argentina)","level":"error","message":"Product not found","data":null}
{"timestamp":"Sat Oct 08 2022 19:58:46 GMT-0300 (hora estándar de Argentina)","level":"error","message":"Product not found","data":null}
{"timestamp":"Sat Oct 08 2022 19:58:46 GMT-0300 (hora estándar de Argentina)","level":"error","message":"Product not found","data":null}
{"timestamp":"Sat Oct 08 2022 19:58:46 GMT-0300 (hora estándar de Argentina)","level":"error","message":"Product not found","data":null}
{"timestamp":"Sat Oct 08 2022 19:58:47 GMT-0300 (hora estándar de Argentina)","level":"error","message":"Product not found","data":null}
{"timestamp":"Sat Oct 08 2022 19:58:47 GMT-0300 (hora estándar de Argentina)","level":"error","message":"Product not found","data":null}
{"timestamp":"Sat Oct 08 2022 19:58:47 GMT-0300 (hora estándar de Argentina)","level":"error","message":"Product not found","data":null}
{"timestamp":"Sat Oct 08 2022 19:58:47 GMT-0300 (hora estándar de Argentina)","level":"error","message":"Product not found","data":null}
{"timestamp":"Sat Oct 08 2022 19:58:47 GMT-0300 (hora estándar de Argentina)","level":"error","message":"Product not found","data":null}
{"timestamp":"Sat Oct 08 2022 19:59:05 GMT-0300 (hora estándar de Argentina)","level":"error","message":"Product not found","data":null}
{"timestamp":"Sat Oct 08 2022 19:59:06 GMT-0300 (hora estándar de Argentina)","level":"error","message":"Product not found","data":null}
{"timestamp":"Sat Oct 08 2022 19:59:06 GMT-0300 (hora estándar de Argentina)","level":"error","message":"Product not found","data":null}
{"timestamp":"Sat Oct 08 2022 19:59:06 GMT-0300 (hora estándar de Argentina)","level":"error","message":"Product not found","data":null}
{"timestamp":"Sat Oct 08 2022 19:59:06 GMT-0300 (hora estándar de Argentina)","level":"error","message":"Product not found","data":null}
{"timestamp":"Sat Oct 08 2022 19:59:07 GMT-0300 (hora estándar de Argentina)","level":"error","message":"Product not found","data":null}
{"timestamp":"Sat Oct 08 2022 19:59:07 GMT-0300 (hora estándar de Argentina)","level":"error","message":"Product not found","data":null}
{"timestamp":"Sat Oct 08 2022 19:59:08 GMT-0300 (hora estándar de Argentina)","level":"error","message":"Product not found","data":null}
{"timestamp":"Sat Oct 08 2022 19:59:08 GMT-0300 (hora estándar de Argentina)","level":"error","message":"Product not found","data":null}
{"timestamp":"Sat Oct 08 2022 19:59:08 GMT-0300 (hora estándar de Argentina)","level":"error","message":"Product not found","data":null}
{"timestamp":"Sat Oct 08 2022 19:59:08 GMT-0300 (hora estándar de Argentina)","level":"error","message":"Product not found","data":null}
{"timestamp":"Sat Oct 08 2022 19:59:14 GMT-0300 (hora estándar de Argentina)","level":"error","message":"Product not found","data":null}
{"timestamp":"Sat Oct 08 2022 19:59:19 GMT-0300 (hora estándar de Argentina)","level":"error","message":"Product not found","data":null}
{"timestamp":"Sat Oct 08 2022 19:59:21 GMT-0300 (hora estándar de Argentina)","level":"error","message":"Product not found","data":null}
{"timestamp":"Sat Oct 08 2022 19:59:21 GMT-0300 (hora estándar de Argentina)","level":"error","message":"Product not found","data":null}
{"timestamp":"Sat Oct 08 2022 19:59:26 GMT-0300 (hora estándar de Argentina)","level":"error","message":"Product not found","data":null}
{"timestamp":"Sat Oct 08 2022 19:59:36 GMT-0300 (hora estándar de Argentina)","level":"error","message":"Product not found","data":null}
{"timestamp":"Sat Oct 08 2022 19:59:37 GMT-0300 (hora estándar de Argentina)","level":"error","message":"Product not found","data":null}
{"timestamp":"Sat Oct 08 2022 19:59:37 GMT-0300 (hora estándar de Argentina)","level":"error","message":"Product not found","data":null}
{"timestamp":"Sat Oct 08 2022 19:59:38 GMT-0300 (hora estándar de Argentina)","level":"error","message":"Product not found","data":null}
{"timestamp":"Sat Oct 08 2022 19:59:38 GMT-0300 (hora estándar de Argentina)","level":"error","message":"Product not found","data":null}
{"timestamp":"Sat Oct 08 2022 19:59:38 GMT-0300 (hora estándar de Argentina)","level":"error","message":"Product not found","data":null}
{"timestamp":"Sat Oct 08 2022 19:59:39 GMT-0300 (hora estándar de Argentina)","level":"error","message":"Product not found","data":null}
{"timestamp":"Sat Oct 08 2022 19:59:39 GMT-0300 (hora estándar de Argentina)","level":"error","message":"Product not found","data":null}
{"timestamp":"Sat Oct 08 2022 20:03:31 GMT-0300 (hora estándar de Argentina)","level":"warn","message":"Ruta GET /api/usuarios_por_email/juan@simpson.com no implementada","data":null}
{"timestamp":"Sat Oct 08 2022 20:03:31 GMT-0300 (hora estándar de Argentina)","level":"warn","message":"Ruta GET /favicon.ico no implementada","data":null}
{"timestamp":"Sat Oct 08 2022 21:53:31 GMT-0300 (hora estándar de Argentina)","level":"warn","message":"Ruta GET /css/estilos.css no implementada","data":null}
{"timestamp":"Sat Oct 08 2022 21:53:32 GMT-0300 (hora estándar de Argentina)","level":"warn","message":"Ruta GET /favicon.ico no implementada","data":null}
{"timestamp":"Sat Oct 08 2022 21:54:05 GMT-0300 (hora estándar de Argentina)","level":"error","message":"User not found","data":null}
{"timestamp":"Sat Oct 08 2022 21:54:05 GMT-0300 (hora estándar de Argentina)","level":"error","message":{},"data":null}
{"timestamp":"Sat Oct 08 2022 21:59:15 GMT-0300 (hora estándar de Argentina)","level":"warn","message":"Ruta GET /css/estilos.css no implementada","data":null}
{"timestamp":"Sat Oct 08 2022 21:59:15 GMT-0300 (hora estándar de Argentina)","level":"warn","message":"Ruta GET /favicon.ico no implementada","data":null}
{"timestamp":"Sat Oct 08 2022 21:59:34 GMT-0300 (hora estándar de Argentina)","level":"error","message":"User not found","data":null}
{"timestamp":"Sat Oct 08 2022 21:59:34 GMT-0300 (hora estándar de Argentina)","level":"error","message":{},"data":null}
{"timestamp":"Sat Oct 08 2022 22:01:21 GMT-0300 (hora estándar de Argentina)","level":"error","message":"User not found","data":null}
{"timestamp":"Sat Oct 08 2022 22:01:21 GMT-0300 (hora estándar de Argentina)","level":"error","message":{},"data":null}
{"timestamp":"Sat Oct 08 2022 22:01:54 GMT-0300 (hora estándar de Argentina)","level":"warn","message":"Ruta GET /css/estilos.css no implementada","data":null}
{"timestamp":"Sat Oct 08 2022 22:01:54 GMT-0300 (hora estándar de Argentina)","level":"warn","message":"Ruta GET /favicon.ico no implementada","data":null}
{"timestamp":"Sat Oct 08 2022 22:02:04 GMT-0300 (hora estándar de Argentina)","level":"warn","message":"Ruta GET /css/estilos.css no implementada","data":null}
{"timestamp":"Sat Oct 08 2022 22:02:04 GMT-0300 (hora estándar de Argentina)","level":"warn","message":"Ruta GET /favicon.ico no implementada","data":null}
{"timestamp":"Sat Oct 08 2022 22:03:10 GMT-0300 (hora estándar de Argentina)","level":"warn","message":"Ruta GET /favicon.ico no implementada","data":null}
{"timestamp":"Sat Oct 08 2022 22:03:12 GMT-0300 (hora estándar de Argentina)","level":"warn","message":"Ruta GET /css/estilos.css no implementada","data":null}
{"timestamp":"Sat Oct 08 2022 22:03:13 GMT-0300 (hora estándar de Argentina)","level":"warn","message":"Ruta GET /favicon.ico no implementada","data":null}
{"timestamp":"Sat Oct 08 2022 22:05:48 GMT-0300 (hora estándar de Argentina)","level":"warn","message":"Ruta GET /favicon.ico no implementada","data":null}
{"timestamp":"Sat Oct 08 2022 22:05:50 GMT-0300 (hora estándar de Argentina)","level":"warn","message":"Ruta GET /css/estilos.css no implementada","data":null}
{"timestamp":"Sat Oct 08 2022 22:05:50 GMT-0300 (hora estándar de Argentina)","level":"warn","message":"Ruta GET /favicon.ico no implementada","data":null}
{"timestamp":"Sat Oct 08 2022 22:06:37 GMT-0300 (hora estándar de Argentina)","level":"warn","message":"Ruta GET /css/estilos.css no implementada","data":null}
{"timestamp":"Sat Oct 08 2022 22:06:37 GMT-0300 (hora estándar de Argentina)","level":"warn","message":"Ruta GET /favicon.ico no implementada","data":null}
{"timestamp":"Sat Oct 08 2022 22:07:33 GMT-0300 (hora estándar de Argentina)","level":"warn","message":"Ruta GET /css/estilos.css no implementada","data":null}
{"timestamp":"Sat Oct 08 2022 22:07:33 GMT-0300 (hora estándar de Argentina)","level":"warn","message":"Ruta GET /favicon.ico no implementada","data":null}
{"timestamp":"Sat Oct 08 2022 22:07:45 GMT-0300 (hora estándar de Argentina)","level":"warn","message":"Ruta GET /css/estilos.css no implementada","data":null}
{"timestamp":"Sat Oct 08 2022 22:07:45 GMT-0300 (hora estándar de Argentina)","level":"warn","message":"Ruta GET /favicon.ico no implementada","data":null}
{"timestamp":"Sat Oct 08 2022 22:08:44 GMT-0300 (hora estándar de Argentina)","level":"warn","message":"Ruta GET /favicon.ico no implementada","data":null}
{"timestamp":"Sat Oct 08 2022 22:08:46 GMT-0300 (hora estándar de Argentina)","level":"warn","message":"Ruta GET /css/estilos.css no implementada","data":null}
{"timestamp":"Sat Oct 08 2022 22:08:46 GMT-0300 (hora estándar de Argentina)","level":"warn","message":"Ruta GET /favicon.ico no implementada","data":null}
{"timestamp":"Sat Oct 08 2022 22:09:40 GMT-0300 (hora estándar de Argentina)","level":"warn","message":"Ruta GET /favicon.ico no implementada","data":null}
{"timestamp":"Sat Oct 08 2022 22:09:41 GMT-0300 (hora estándar de Argentina)","level":"warn","message":"Ruta GET /css/estilos.css no implementada","data":null}
{"timestamp":"Sat Oct 08 2022 22:09:42 GMT-0300 (hora estándar de Argentina)","level":"warn","message":"Ruta GET /favicon.ico no implementada","data":null}
{"timestamp":"Sat Oct 08 2022 22:12:48 GMT-0300 (hora estándar de Argentina)","level":"warn","message":"Ruta GET /favicon.ico no implementada","data":null}
{"timestamp":"Sat Oct 08 2022 22:12:50 GMT-0300 (hora estándar de Argentina)","level":"warn","message":"Ruta GET /css/estilos.css no implementada","data":null}
{"timestamp":"Sat Oct 08 2022 22:12:50 GMT-0300 (hora estándar de Argentina)","level":"warn","message":"Ruta GET /favicon.ico no implementada","data":null}
{"timestamp":"Sat Oct 08 2022 22:17:00 GMT-0300 (hora estándar de Argentina)","level":"warn","message":"Ruta GET /favicon.ico no implementada","data":null}
{"timestamp":"Sat Oct 08 2022 22:19:34 GMT-0300 (hora estándar de Argentina)","level":"warn","message":"Ruta GET /css/estilos.css no implementada","data":null}
{"timestamp":"Sat Oct 08 2022 22:19:34 GMT-0300 (hora estándar de Argentina)","level":"warn","message":"Ruta GET /favicon.ico no implementada","data":null}
{"timestamp":"Sat Oct 08 2022 22:19:39 GMT-0300 (hora estándar de Argentina)","level":"warn","message":"Ruta GET /favicon.ico no implementada","data":null}
{"timestamp":"Sat Oct 08 2022 22:21:53 GMT-0300 (hora estándar de Argentina)","level":"warn","message":"Ruta GET /css/estilos.css no implementada","data":null}
{"timestamp":"Sat Oct 08 2022 22:21:53 GMT-0300 (hora estándar de Argentina)","level":"warn","message":"Ruta GET /favicon.ico no implementada","data":null}
{"timestamp":"Sat Oct 08 2022 22:22:36 GMT-0300 (hora estándar de Argentina)","level":"warn","message":"Ruta GET /css/estilos.css no implementada","data":null}
{"timestamp":"Sat Oct 08 2022 22:22:36 GMT-0300 (hora estándar de Argentina)","level":"warn","message":"Ruta GET /favicon.ico no implementada","data":null}
{"timestamp":"Sun Oct 09 2022 08:22:47 GMT-0300 (hora estándar de Argentina)","level":"warn","message":"Ruta GET /css/estilos.css no implementada","data":null}
{"timestamp":"Sun Oct 09 2022 08:22:47 GMT-0300 (hora estándar de Argentina)","level":"warn","message":"Ruta GET /favicon.ico no implementada","data":null}
{"timestamp":"Sun Oct 09 2022 08:23:46 GMT-0300 (hora estándar de Argentina)","level":"warn","message":"Ruta GET /css/estilos.css no implementada","data":null}
{"timestamp":"Sun Oct 09 2022 08:25:33 GMT-0300 (hora estándar de Argentina)","level":"warn","message":"Ruta GET /css/estilos.css no implementada","data":null}
{"timestamp":"Sun Oct 09 2022 08:25:34 GMT-0300 (hora estándar de Argentina)","level":"warn","message":"Ruta GET /favicon.ico no implementada","data":null}
{"timestamp":"Sun Oct 09 2022 08:27:07 GMT-0300 (hora estándar de Argentina)","level":"warn","message":"Ruta GET /css/estilos.css no implementada","data":null}
{"timestamp":"Sun Oct 09 2022 08:27:08 GMT-0300 (hora estándar de Argentina)","level":"warn","message":"Ruta GET /favicon.ico no implementada","data":null}
{"timestamp":"Sun Oct 09 2022 08:30:30 GMT-0300 (hora estándar de Argentina)","level":"warn","message":"Ruta GET /css/estilos.css no implementada","data":null}
{"timestamp":"Sun Oct 09 2022 08:30:30 GMT-0300 (hora estándar de Argentina)","level":"warn","message":"Ruta GET /favicon.ico no implementada","data":null}
{"timestamp":"Sun Oct 09 2022 08:30:32 GMT-0300 (hora estándar de Argentina)","level":"warn","message":"Ruta GET / no implementada","data":null}
{"timestamp":"Sun Oct 09 2022 08:30:32 GMT-0300 (hora estándar de Argentina)","level":"warn","message":"Ruta GET /favicon.ico no implementada","data":null}
{"timestamp":"Sun Oct 09 2022 08:30:39 GMT-0300 (hora estándar de Argentina)","level":"warn","message":"Ruta GET /css/estilos.css no implementada","data":null}
{"timestamp":"Sun Oct 09 2022 08:30:39 GMT-0300 (hora estándar de Argentina)","level":"warn","message":"Ruta GET /favicon.ico no implementada","data":null}
{"timestamp":"Sun Oct 09 2022 08:30:56 GMT-0300 (hora estándar de Argentina)","level":"warn","message":"Ruta GET /css/estilos.css no implementada","data":null}
{"timestamp":"Sun Oct 09 2022 08:30:56 GMT-0300 (hora estándar de Argentina)","level":"warn","message":"Ruta GET /favicon.ico no implementada","data":null}
{"timestamp":"Sun Oct 09 2022 08:48:29 GMT-0300 (hora estándar de Argentina)","level":"error","message":"Product not found","data":null}
{"timestamp":"Sun Oct 09 2022 08:54:26 GMT-0300 (hora estándar de Argentina)","level":"error","message":"Product not found","data":null}
{"timestamp":"Sun Oct 09 2022 08:54:44 GMT-0300 (hora estándar de Argentina)","level":"error","message":"Product not found","data":null}
{"timestamp":"Sun Oct 09 2022 08:55:56 GMT-0300 (hora estándar de Argentina)","level":"error","message":"Product not found","data":null}
{"timestamp":"Sun Oct 09 2022 08:56:03 GMT-0300 (hora estándar de Argentina)","level":"error","message":"Product not found","data":null}
{"timestamp":"Sun Oct 09 2022 09:09:15 GMT-0300 (hora estándar de Argentina)","level":"warn","message":"Ruta GET /favicon.ico no implementada","data":null}
{"timestamp":"Sun Oct 09 2022 09:09:31 GMT-0300 (hora estándar de Argentina)","level":"warn","message":"Ruta GET /css/estilos.css no implementada","data":null}
{"timestamp":"Sun Oct 09 2022 09:09:32 GMT-0300 (hora estándar de Argentina)","level":"warn","message":"Ruta GET /favicon.ico no implementada","data":null}
{"timestamp":"Sun Oct 09 2022 09:10:22 GMT-0300 (hora estándar de Argentina)","level":"warn","message":"Ruta GET /favicon.ico no implementada","data":null}
{"timestamp":"Sun Oct 09 2022 09:10:27 GMT-0300 (hora estándar de Argentina)","level":"warn","message":"Ruta GET /css/estilos.css no implementada","data":null}
{"timestamp":"Sun Oct 09 2022 09:10:28 GMT-0300 (hora estándar de Argentina)","level":"warn","message":"Ruta GET /favicon.ico no implementada","data":null}
{"timestamp":"Sun Oct 09 2022 09:10:52 GMT-0300 (hora estándar de Argentina)","level":"warn","message":"Ruta GET /favicon.ico no implementada","data":null}
{"timestamp":"Sun Oct 09 2022 09:10:53 GMT-0300 (hora estándar de Argentina)","level":"warn","message":"Ruta GET /css/estilos.css no implementada","data":null}
{"timestamp":"Sun Oct 09 2022 09:10:54 GMT-0300 (hora estándar de Argentina)","level":"warn","message":"Ruta GET /favicon.ico no implementada","data":null}
{"timestamp":"Sun Oct 09 2022 09:12:03 GMT-0300 (hora estándar de Argentina)","level":"warn","message":"Ruta GET /favicon.ico no implementada","data":null}
{"timestamp":"Sun Oct 09 2022 09:12:05 GMT-0300 (hora estándar de Argentina)","level":"warn","message":"Ruta GET /css/estilos.css no implementada","data":null}
{"timestamp":"Sun Oct 09 2022 09:12:05 GMT-0300 (hora estándar de Argentina)","level":"warn","message":"Ruta GET /favicon.ico no implementada","data":null}
{"timestamp":"Sun Oct 09 2022 09:21:25 GMT-0300 (hora estándar de Argentina)","level":"warn","message":"Ruta GET /css/estilos.css no implementada","data":null}
{"timestamp":"Sun Oct 09 2022 09:21:25 GMT-0300 (hora estándar de Argentina)","level":"warn","message":"Ruta GET /favicon.ico no implementada","data":null}
{"timestamp":"Sun Oct 09 2022 09:22:53 GMT-0300 (hora estándar de Argentina)","level":"warn","message":"Ruta GET /css/estilos.css no implementada","data":null}
{"timestamp":"Sun Oct 09 2022 09:22:53 GMT-0300 (hora estándar de Argentina)","level":"warn","message":"Ruta GET /favicon.ico no implementada","data":null}
{"timestamp":"Sun Oct 09 2022 09:24:10 GMT-0300 (hora estándar de Argentina)","level":"warn","message":"Ruta GET /favicon.ico no implementada","data":null}
{"timestamp":"Sun Oct 09 2022 09:24:11 GMT-0300 (hora estándar de Argentina)","level":"warn","message":"Ruta GET /css/estilos.css no implementada","data":null}
{"timestamp":"Sun Oct 09 2022 09:24:12 GMT-0300 (hora estándar de Argentina)","level":"warn","message":"Ruta GET /favicon.ico no implementada","data":null}
{"timestamp":"Sun Oct 09 2022 09:27:09 GMT-0300 (hora estándar de Argentina)","level":"warn","message":"Ruta GET /favicon.ico no implementada","data":null}
{"timestamp":"Sun Oct 09 2022 09:27:11 GMT-0300 (hora estándar de Argentina)","level":"warn","message":"Ruta GET /css/estilos.css no implementada","data":null}
{"timestamp":"Sun Oct 09 2022 09:27:11 GMT-0300 (hora estándar de Argentina)","level":"warn","message":"Ruta GET /favicon.ico no implementada","data":null}
{"timestamp":"Sun Oct 09 2022 09:30:09 GMT-0300 (hora estándar de Argentina)","level":"warn","message":"Ruta GET /favicon.ico no implementada","data":null}
{"timestamp":"Sun Oct 09 2022 09:30:17 GMT-0300 (hora estándar de Argentina)","level":"warn","message":"Ruta GET /css/estilos.css no implementada","data":null}
{"timestamp":"Sun Oct 09 2022 09:30:17 GMT-0300 (hora estándar de Argentina)","level":"warn","message":"Ruta GET /favicon.ico no implementada","data":null}
{"timestamp":"Sun Oct 09 2022 09:31:28 GMT-0300 (hora estándar de Argentina)","level":"warn","message":"Ruta GET /css/estilos.css no implementada","data":null}
{"timestamp":"Sun Oct 09 2022 09:32:38 GMT-0300 (hora estándar de Argentina)","level":"warn","message":"Ruta GET /css/estilos.css no implementada","data":null}
{"timestamp":"Sun Oct 09 2022 09:32:38 GMT-0300 (hora estándar de Argentina)","level":"warn","message":"Ruta GET /favicon.ico no implementada","data":null}
{"timestamp":"Sun Oct 09 2022 09:34:01 GMT-0300 (hora estándar de Argentina)","level":"warn","message":"Ruta GET /css/estilos.css no implementada","data":null}
{"timestamp":"Sun Oct 09 2022 09:34:02 GMT-0300 (hora estándar de Argentina)","level":"warn","message":"Ruta GET /favicon.ico no implementada","data":null}
{"timestamp":"Sun Oct 09 2022 09:34:05 GMT-0300 (hora estándar de Argentina)","level":"warn","message":"Ruta GET / no implementada","data":null}
{"timestamp":"Sun Oct 09 2022 09:34:05 GMT-0300 (hora estándar de Argentina)","level":"warn","message":"Ruta GET /favicon.ico no implementada","data":null}
{"timestamp":"Sun Oct 09 2022 09:34:14 GMT-0300 (hora estándar de Argentina)","level":"warn","message":"Ruta GET /css/estilos.css no implementada","data":null}
{"timestamp":"Sun Oct 09 2022 09:34:15 GMT-0300 (hora estándar de Argentina)","level":"warn","message":"Ruta GET /favicon.ico no implementada","data":null}
{"timestamp":"Sun Oct 09 2022 09:34:25 GMT-0300 (hora estándar de Argentina)","level":"warn","message":"Ruta GET /css/estilos.css no implementada","data":null}
{"timestamp":"Sun Oct 09 2022 09:34:25 GMT-0300 (hora estándar de Argentina)","level":"warn","message":"Ruta GET /favicon.ico no implementada","data":null}
{"timestamp":"Sun Oct 09 2022 09:35:29 GMT-0300 (hora estándar de Argentina)","level":"warn","message":"Ruta GET /favicon.ico no implementada","data":null}
{"timestamp":"Sun Oct 09 2022 09:35:29 GMT-0300 (hora estándar de Argentina)","level":"warn","message":"Ruta GET /css/estilos.css no implementada","data":null}
{"timestamp":"Sun Oct 09 2022 09:35:30 GMT-0300 (hora estándar de Argentina)","level":"warn","message":"Ruta GET /css/estilos.css no implementada","data":null}
{"timestamp":"Sun Oct 09 2022 09:35:31 GMT-0300 (hora estándar de Argentina)","level":"warn","message":"Ruta GET /favicon.ico no implementada","data":null}
{"timestamp":"Sun Oct 09 2022 09:37:28 GMT-0300 (hora estándar de Argentina)","level":"warn","message":"Ruta GET /favicon.ico no implementada","data":null}
{"timestamp":"Sun Oct 09 2022 09:37:32 GMT-0300 (hora estándar de Argentina)","level":"warn","message":"Ruta GET /css/estilos.css no implementada","data":null}
{"timestamp":"Sun Oct 09 2022 09:37:32 GMT-0300 (hora estándar de Argentina)","level":"warn","message":"Ruta GET /favicon.ico no implementada","data":null}
{"timestamp":"Sun Oct 09 2022 09:37:59 GMT-0300 (hora estándar de Argentina)","level":"warn","message":"Ruta GET /css/estilos.css no implementada","data":null}
{"timestamp":"Sun Oct 09 2022 09:37:59 GMT-0300 (hora estándar de Argentina)","level":"warn","message":"Ruta GET /favicon.ico no implementada","data":null}
